Info: Starting: Create block symbol file (.bsf)
Info: ip-generate --project-directory=C:/Projects/SD/Problem_1/ --output-directory=C:/Projects/SD/Problem_1/nios/ --report-file=bsf:C:/Projects/SD/Problem_1/nios.bsf --system-info=DEVICE_FAMILY="Cyclone III" --system-info=DEVICE=EP3C25F324C8 --system-info=DEVICE_SPEEDGRADE=8 --component-file=C:/Projects/SD/Problem_1/nios.qsys
Progress: Loading Problem_1/nios.qsys
Progress: Reading input file
Progress: Adding clock [clock_source 13.1]
Progress: Parameterizing module clock
Progress: Adding nios2 [altera_nios2_qsys 13.1]
Progress: Parameterizing module nios2
Progress: Adding memory [altera_avalon_onchip_memory2 13.1]
Progress: Parameterizing module memory
Progress: Adding buttons [altera_avalon_pio 13.1]
Progress: Parameterizing module buttons
Progress: Adding leds [altera_avalon_pio 13.1]
Progress: Parameterizing module leds
Progress: Adding jtag [altera_avalon_jtag_uart 13.1]
Progress: Parameterizing module jtag
Progress: Adding lcd_16207_0 [altera_avalon_lcd_16207 13.1]
Progress: Parameterizing module lcd_16207_0
Progress: Building connections
Progress: Parameterizing connections
Progress: Validating
Progress: Done reading input file
Info: nios.buttons: PIO inputs are not hardwired in test bench. Undefined values will be read from PIO inputs during simulation.
Info: ip-generate succeeded.
Info: Finished: Create block symbol file (.bsf)
Info: 
Info: Starting: Create HDL design files for synthesis
Info: ip-generate --project-directory=C:/Projects/SD/Problem_1/ --output-directory=C:/Projects/SD/Problem_1/nios/synthesis/ --file-set=QUARTUS_SYNTH --report-file=html:C:/Projects/SD/Problem_1/nios.html --report-file=sopcinfo:C:/Projects/SD/Problem_1/nios.sopcinfo --report-file=cmp:C:/Projects/SD/Problem_1/nios.cmp --report-file=qip:C:/Projects/SD/Problem_1/nios/synthesis/nios.qip --report-file=svd --report-file=regmap:C:/Projects/SD/Problem_1/nios/synthesis/nios.regmap --report-file=debuginfo:C:/Projects/SD/Problem_1/nios/synthesis/nios.debuginfo --system-info=DEVICE_FAMILY="Cyclone III" --system-info=DEVICE=EP3C25F324C8 --system-info=DEVICE_SPEEDGRADE=8 --component-file=C:/Projects/SD/Problem_1/nios.qsys --language=VERILOG
Progress: Loading Problem_1/nios.qsys
Progress: Reading input file
Progress: Adding clock [clock_source 13.1]
Progress: Parameterizing module clock
Progress: Adding nios2 [altera_nios2_qsys 13.1]
Progress: Parameterizing module nios2
Progress: Adding memory [altera_avalon_onchip_memory2 13.1]
Progress: Parameterizing module memory
Progress: Adding buttons [altera_avalon_pio 13.1]
Progress: Parameterizing module buttons
Progress: Adding leds [altera_avalon_pio 13.1]
Progress: Parameterizing module leds
Progress: Adding jtag [altera_avalon_jtag_uart 13.1]
Progress: Parameterizing module jtag
Progress: Adding lcd_16207_0 [altera_avalon_lcd_16207 13.1]
Progress: Parameterizing module lcd_16207_0
Progress: Building connections
Progress: Parameterizing connections
Progress: Validating
Progress: Done reading input file
Info: nios.buttons: PIO inputs are not hardwired in test bench. Undefined values will be read from PIO inputs during simulation.
Info: nios: Generating nios "nios" for QUARTUS_SYNTH
Info: pipeline_bridge_swap_transform: After transform: 7 modules, 28 connections
Info: No custom instruction connections, skipping transform 
Info: merlin_initial_interconnect_transform: After transform: 7 modules, 27 connections
Info: merlin_translator_transform: After transform: 15 modules, 59 connections
Info: merlin_domain_transform: After transform: 30 modules, 158 connections
Info: merlin_router_transform: After transform: 38 modules, 190 connections
Info: merlin_traffic_limiter_transform: After transform: 40 modules, 200 connections
Info: merlin_network_to_switch_transform: After transform: 55 modules, 242 connections
Info: limiter_update_transform: After transform: 55 modules, 244 connections
Info: merlin_clock_and_reset_bridge_transform: After transform: 57 modules, 300 connections
Info: merlin_hierarchy_transform: After transform: 8 modules, 30 connections
Info: merlin_mm_transform: After transform: 8 modules, 30 connections
Info: merlin_interrupt_mapper_transform: After transform: 9 modules, 34 connections
Info: reset_adaptation_transform: After transform: 11 modules, 36 connections
Info: nios2: Starting RTL generation for module 'nios_nios2'
Info: nios2:   Generation command is [exec C:/altera/13.1/quartus/bin/eperlcmd.exe -I C:/altera/13.1/quartus/bin/perl/lib -I C:/altera/13.1/quartus/sopc_builder/bin/europa -I C:/altera/13.1/quartus/sopc_builder/bin/perl_lib -I C:/altera/13.1/quartus/sopc_builder/bin -I C:/altera/13.1/quartus/../ip/altera/nios2_ip/altera_nios2/cpu_lib -I C:/altera/13.1/quartus/../ip/altera/nios2_ip/altera_nios2/nios_lib -I C:/altera/13.1/quartus/../ip/altera/nios2_ip/altera_nios2 -I C:/altera/13.1/quartus/../ip/altera/nios2_ip/altera_nios2 -- C:/altera/13.1/quartus/../ip/altera/nios2_ip/altera_nios2/generate_rtl.epl --name=nios_nios2 --dir=C:/Users/mathe/AppData/Local/Temp/alt7793_2384260602709202728.dir/0001_nios2_gen/ --quartus_dir=C:/altera/13.1/quartus --verilog --config=C:/Users/mathe/AppData/Local/Temp/alt7793_2384260602709202728.dir/0001_nios2_gen//nios_nios2_processor_configuration.pl  --do_build_sim=0  ]
Info: nios2: # 2018.09.19 19:21:28 (*) Starting Nios II generation
Info: nios2: # 2018.09.19 19:21:28 (*)   Checking for plaintext license.
Info: nios2: # 2018.09.19 19:21:30 (*)   Couldn't query license setup in Quartus directory C:/altera/13.1/quartus
Info: nios2: # 2018.09.19 19:21:30 (*)   Defaulting to contents of LM_LICENSE_FILE environment variable
Info: nios2: # 2018.09.19 19:21:30 (*)   LM_LICENSE_FILE environment variable is empty
Info: nios2: # 2018.09.19 19:21:30 (*)   Plaintext license not found.
Info: nios2: # 2018.09.19 19:21:30 (*)   Checking for encrypted license (non-evaluation).
Info: nios2: # 2018.09.19 19:21:32 (*)   Couldn't query license setup in Quartus directory C:/altera/13.1/quartus
Info: nios2: # 2018.09.19 19:21:32 (*)   Defaulting to contents of LM_LICENSE_FILE environment variable
Info: nios2: # 2018.09.19 19:21:32 (*)   LM_LICENSE_FILE environment variable is empty
Info: nios2: # 2018.09.19 19:21:32 (*)   Encrypted license not found.  Defaulting to OCP evaluation license (produces a time-limited SOF)
Info: nios2: # 2018.09.19 19:21:32 (*)   Elaborating CPU configuration settings
Info: nios2: # 2018.09.19 19:21:32 (*)   Creating all objects for CPU
Info: nios2: # 2018.09.19 19:21:32 (*)     Testbench
Info: nios2: # 2018.09.19 19:21:32 (*)     Instruction decoding
Info: nios2: # 2018.09.19 19:21:32 (*)       Instruction fields
Info: nios2: # 2018.09.19 19:21:32 (*)       Instruction decodes
Info: nios2: # 2018.09.19 19:21:33 (*)       Signals for RTL simulation waveforms
Info: nios2: # 2018.09.19 19:21:33 (*)       Instruction controls
Info: nios2: # 2018.09.19 19:21:33 (*)     Pipeline frontend
Info: nios2: # 2018.09.19 19:21:33 (*)     Pipeline backend
Info: nios2: # 2018.09.19 19:21:37 (*)   Generating RTL from CPU objects
Info: nios2: # 2018.09.19 19:21:42 (*)   Creating encrypted RTL
Info: nios2: # 2018.09.19 19:21:43 (*) Done Nios II generation
Info: nios2: Done RTL generation for module 'nios_nios2'
Info: nios2: "nios" instantiated altera_nios2_qsys "nios2"
Info: memory: Starting RTL generation for module 'nios_memory'
Info: memory:   Generation command is [exec C:/altera/13.1/quartus/bin/perl/bin/perl.exe -I C:/altera/13.1/quartus/bin/perl/lib -I C:/altera/13.1/quartus/sopc_builder/bin/europa -I C:/altera/13.1/quartus/sopc_builder/bin/perl_lib -I C:/altera/13.1/quartus/sopc_builder/bin -I C:/altera/13.1/quartus/../ip/altera/sopc_builder_ip/common -I C:/altera/13.1/quartus/../ip/altera/sopc_builder_ip/altera_avalon_onchip_memory2 -- C:/altera/13.1/quartus/../ip/altera/sopc_builder_ip/altera_avalon_onchip_memory2/generate_rtl.pl --name=nios_memory --dir=C:/Users/mathe/AppData/Local/Temp/alt7793_2384260602709202728.dir/0002_memory_gen/ --quartus_dir=C:/altera/13.1/quartus --verilog --config=C:/Users/mathe/AppData/Local/Temp/alt7793_2384260602709202728.dir/0002_memory_gen//nios_memory_component_configuration.pl  --do_build_sim=0  ]
Info: memory: Done RTL generation for module 'nios_memory'
Info: memory: "nios" instantiated altera_avalon_onchip_memory2 "memory"
Info: buttons: Starting RTL generation for module 'nios_buttons'
Info: buttons:   Generation command is [exec C:/altera/13.1/quartus/bin/perl/bin/perl.exe -I C:/altera/13.1/quartus/bin/perl/lib -I C:/altera/13.1/quartus/sopc_builder/bin/europa -I C:/altera/13.1/quartus/sopc_builder/bin/perl_lib -I C:/altera/13.1/quartus/sopc_builder/bin -I C:/altera/13.1/quartus/../ip/altera/sopc_builder_ip/common -I C:/altera/13.1/quartus/../ip/altera/sopc_builder_ip/altera_avalon_pio -- C:/altera/13.1/quartus/../ip/altera/sopc_builder_ip/altera_avalon_pio/generate_rtl.pl --name=nios_buttons --dir=C:/Users/mathe/AppData/Local/Temp/alt7793_2384260602709202728.dir/0003_buttons_gen/ --quartus_dir=C:/altera/13.1/quartus --verilog --config=C:/Users/mathe/AppData/Local/Temp/alt7793_2384260602709202728.dir/0003_buttons_gen//nios_buttons_component_configuration.pl  --do_build_sim=0  ]
Info: buttons: Done RTL generation for module 'nios_buttons'
Info: buttons: "nios" instantiated altera_avalon_pio "buttons"
Info: leds: Starting RTL generation for module 'nios_leds'
Info: leds:   Generation command is [exec C:/altera/13.1/quartus/bin/perl/bin/perl.exe -I C:/altera/13.1/quartus/bin/perl/lib -I C:/altera/13.1/quartus/sopc_builder/bin/europa -I C:/altera/13.1/quartus/sopc_builder/bin/perl_lib -I C:/altera/13.1/quartus/sopc_builder/bin -I C:/altera/13.1/quartus/../ip/altera/sopc_builder_ip/common -I C:/altera/13.1/quartus/../ip/altera/sopc_builder_ip/altera_avalon_pio -- C:/altera/13.1/quartus/../ip/altera/sopc_builder_ip/altera_avalon_pio/generate_rtl.pl --name=nios_leds --dir=C:/Users/mathe/AppData/Local/Temp/alt7793_2384260602709202728.dir/0004_leds_gen/ --quartus_dir=C:/altera/13.1/quartus --verilog --config=C:/Users/mathe/AppData/Local/Temp/alt7793_2384260602709202728.dir/0004_leds_gen//nios_leds_component_configuration.pl  --do_build_sim=0  ]
Info: leds: Done RTL generation for module 'nios_leds'
Info: leds: "nios" instantiated altera_avalon_pio "leds"
Info: jtag: Starting RTL generation for module 'nios_jtag'
Info: jtag:   Generation command is [exec C:/altera/13.1/quartus/bin/perl/bin/perl.exe -I C:/altera/13.1/quartus/bin/perl/lib -I C:/altera/13.1/quartus/sopc_builder/bin/europa -I C:/altera/13.1/quartus/sopc_builder/bin/perl_lib -I C:/altera/13.1/quartus/sopc_builder/bin -I C:/altera/13.1/quartus/../ip/altera/sopc_builder_ip/common -I C:/altera/13.1/quartus/../ip/altera/sopc_builder_ip/altera_avalon_jtag_uart -- C:/altera/13.1/quartus/../ip/altera/sopc_builder_ip/altera_avalon_jtag_uart/generate_rtl.pl --name=nios_jtag --dir=C:/Users/mathe/AppData/Local/Temp/alt7793_2384260602709202728.dir/0005_jtag_gen/ --quartus_dir=C:/altera/13.1/quartus --verilog --config=C:/Users/mathe/AppData/Local/Temp/alt7793_2384260602709202728.dir/0005_jtag_gen//nios_jtag_component_configuration.pl  --do_build_sim=0  ]
Info: jtag: Done RTL generation for module 'nios_jtag'
Info: jtag: "nios" instantiated altera_avalon_jtag_uart "jtag"
Info: lcd_16207_0: Starting RTL generation for module 'nios_lcd_16207_0'
Info: lcd_16207_0:   Generation command is [exec C:/altera/13.1/quartus/bin/perl/bin/perl.exe -I C:/altera/13.1/quartus/bin/perl/lib -I C:/altera/13.1/quartus/sopc_builder/bin/europa -I C:/altera/13.1/quartus/sopc_builder/bin/perl_lib -I C:/altera/13.1/quartus/sopc_builder/bin -I C:/altera/13.1/quartus/../ip/altera/sopc_builder_ip/common -I C:/altera/13.1/quartus/../ip/altera/sopc_builder_ip/altera_avalon_lcd_16207 -- C:/altera/13.1/quartus/../ip/altera/sopc_builder_ip/altera_avalon_lcd_16207/generate_rtl.pl --name=nios_lcd_16207_0 --dir=C:/Users/mathe/AppData/Local/Temp/alt7793_2384260602709202728.dir/0006_lcd_16207_0_gen/ --quartus_dir=C:/altera/13.1/quartus --verilog --config=C:/Users/mathe/AppData/Local/Temp/alt7793_2384260602709202728.dir/0006_lcd_16207_0_gen//nios_lcd_16207_0_component_configuration.pl  --do_build_sim=0  ]
Info: lcd_16207_0: Done RTL generation for module 'nios_lcd_16207_0'
Info: lcd_16207_0: "nios" instantiated altera_avalon_lcd_16207 "lcd_16207_0"
Info: pipeline_bridge_swap_transform: After transform: 50 modules, 171 connections
Info: No custom instruction connections, skipping transform 
Info: merlin_initial_interconnect_transform: After transform: 0 modules, 0 connections
Info: No Avalon connections, skipping transform 
Info: merlin_hierarchy_transform: After transform: 50 modules, 171 connections
Info: merlin_initial_interconnect_transform: After transform: 0 modules, 0 connections
Info: No Avalon connections, skipping transform 
Info: merlin_hierarchy_transform: After transform: 50 modules, 171 connections
Info: merlin_initial_interconnect_transform: After transform: 0 modules, 0 connections
Info: No Avalon connections, skipping transform 
Info: merlin_hierarchy_transform: After transform: 50 modules, 171 connections
Info: merlin_initial_interconnect_transform: After transform: 0 modules, 0 connections
Info: No Avalon connections, skipping transform 
Info: merlin_hierarchy_transform: After transform: 50 modules, 171 connections
Info: merlin_initial_interconnect_transform: After transform: 0 modules, 0 connections
Info: No Avalon connections, skipping transform 
Info: merlin_hierarchy_transform: After transform: 50 modules, 171 connections
Info: merlin_initial_interconnect_transform: After transform: 0 modules, 0 connections
Info: No Avalon connections, skipping transform 
Info: merlin_hierarchy_transform: After transform: 50 modules, 171 connections
Info: merlin_initial_interconnect_transform: After transform: 0 modules, 0 connections
Info: No Avalon connections, skipping transform 
Info: merlin_hierarchy_transform: After transform: 50 modules, 171 connections
Info: merlin_initial_interconnect_transform: After transform: 0 modules, 0 connections
Info: No Avalon connections, skipping transform 
Info: merlin_hierarchy_transform: After transform: 50 modules, 171 connections
Info: mm_interconnect_0: "nios" instantiated altera_merlin_interconnect_wrapper "mm_interconnect_0"
Info: irq_mapper: "nios" instantiated altera_irq_mapper "irq_mapper"
Info: rst_controller: "nios" instantiated altera_reset_controller "rst_controller"
Info: nios2_data_master_translator: "mm_interconnect_0" instantiated altera_merlin_master_translator "nios2_data_master_translator"
Info: memory_s1_translator: "mm_interconnect_0" instantiated altera_merlin_slave_translator "memory_s1_translator"
Info: nios2_data_master_translator_avalon_universal_master_0_agent: "mm_interconnect_0" instantiated altera_merlin_master_agent "nios2_data_master_translator_avalon_universal_master_0_agent"
Info: memory_s1_translator_avalon_universal_slave_0_agent: "mm_interconnect_0" instantiated altera_merlin_slave_agent "memory_s1_translator_avalon_universal_slave_0_agent"
Info: memory_s1_translator_avalon_universal_slave_0_agent_rsp_fifo: "mm_interconnect_0" instantiated altera_avalon_sc_fifo "memory_s1_translator_avalon_universal_slave_0_agent_rsp_fifo"
Info: addr_router: "mm_interconnect_0" instantiated altera_merlin_router "addr_router"
Info: addr_router_001: "mm_interconnect_0" instantiated altera_merlin_router "addr_router_001"
Info: id_router: "mm_interconnect_0" instantiated altera_merlin_router "id_router"
Info: id_router_002: "mm_interconnect_0" instantiated altera_merlin_router "id_router_002"
Info: limiter: "mm_interconnect_0" instantiated altera_merlin_traffic_limiter "limiter"
Info: Reusing file C:/Projects/SD/Problem_1/nios/synthesis/submodules/altera_avalon_sc_fifo.v
Info: cmd_xbar_demux: "mm_interconnect_0" instantiated altera_merlin_demultiplexer "cmd_xbar_demux"
Info: cmd_xbar_demux_001: "mm_interconnect_0" instantiated altera_merlin_demultiplexer "cmd_xbar_demux_001"
Info: cmd_xbar_mux: "mm_interconnect_0" instantiated altera_merlin_multiplexer "cmd_xbar_mux"
Info: cmd_xbar_mux_002: "mm_interconnect_0" instantiated altera_merlin_multiplexer "cmd_xbar_mux_002"
Info: Reusing file C:/Projects/SD/Problem_1/nios/synthesis/submodules/altera_merlin_arbitrator.sv
Info: rsp_xbar_demux: "mm_interconnect_0" instantiated altera_merlin_demultiplexer "rsp_xbar_demux"
Info: rsp_xbar_demux_002: "mm_interconnect_0" instantiated altera_merlin_demultiplexer "rsp_xbar_demux_002"
Info: rsp_xbar_mux: "mm_interconnect_0" instantiated altera_merlin_multiplexer "rsp_xbar_mux"
Info: Reusing file C:/Projects/SD/Problem_1/nios/synthesis/submodules/altera_merlin_arbitrator.sv
Info: rsp_xbar_mux_001: "mm_interconnect_0" instantiated altera_merlin_multiplexer "rsp_xbar_mux_001"
Info: Reusing file C:/Projects/SD/Problem_1/nios/synthesis/submodules/altera_merlin_arbitrator.sv
Info: nios: Done "nios" with 28 modules, 49 files, 1181023 bytes
Info: ip-generate succeeded.
Info: Finished: Create HDL design files for synthesis
