Info: Starting: Create block symbol file (.bsf)
Info: ip-generate --project-directory=C:/Projects/SD/Problema_1/ --output-directory=C:/Projects/SD/Problema_1/nios/ --report-file=bsf:C:/Projects/SD/Problema_1/nios.bsf --system-info=DEVICE_FAMILY="Cyclone IV E" --system-info=DEVICE=EP4CE6E22C8 --system-info=DEVICE_SPEEDGRADE=8 --component-file=C:/Projects/SD/Problema_1/nios.qsys
Progress: Loading Problema_1/nios.qsys
Progress: Reading input file
Progress: Adding clock [clock_source 13.1]
Progress: Parameterizing module clock
Progress: Adding nios2 [altera_nios2_qsys 13.1]
Progress: Parameterizing module nios2
Progress: Adding memory [altera_avalon_onchip_memory2 13.1]
Progress: Parameterizing module memory
Progress: Adding buttons [altera_avalon_pio 13.1]
Progress: Parameterizing module buttons
Progress: Adding leds [altera_avalon_pio 13.1]
Progress: Parameterizing module leds
Progress: Adding jtag [altera_avalon_jtag_uart 13.1]
Progress: Parameterizing module jtag
Progress: Adding lcd_rs [altera_avalon_pio 13.1]
Progress: Parameterizing module lcd_rs
Progress: Adding lcd_rw [altera_avalon_pio 13.1]
Progress: Parameterizing module lcd_rw
Progress: Adding lcd_data [altera_avalon_pio 13.1]
Progress: Parameterizing module lcd_data
Progress: Adding lcd_flag [altera_avalon_pio 13.1]
Progress: Parameterizing module lcd_flag
Progress: Building connections
Progress: Parameterizing connections
Progress: Validating
Progress: Done reading input file
Info: nios.buttons: PIO inputs are not hardwired in test bench. Undefined values will be read from PIO inputs during simulation.
Info: nios.lcd_flag: PIO inputs are not hardwired in test bench. Undefined values will be read from PIO inputs during simulation.
Info: ip-generate succeeded.
Info: Finished: Create block symbol file (.bsf)
Info: 
Info: Starting: Create HDL design files for synthesis
Info: ip-generate --project-directory=C:/Projects/SD/Problema_1/ --output-directory=C:/Projects/SD/Problema_1/nios/synthesis/ --file-set=QUARTUS_SYNTH --report-file=html:C:/Projects/SD/Problema_1/nios.html --report-file=sopcinfo:C:/Projects/SD/Problema_1/nios.sopcinfo --report-file=cmp:C:/Projects/SD/Problema_1/nios.cmp --report-file=qip:C:/Projects/SD/Problema_1/nios/synthesis/nios.qip --report-file=svd --report-file=regmap:C:/Projects/SD/Problema_1/nios/synthesis/nios.regmap --report-file=debuginfo:C:/Projects/SD/Problema_1/nios/synthesis/nios.debuginfo --system-info=DEVICE_FAMILY="Cyclone IV E" --system-info=DEVICE=EP4CE6E22C8 --system-info=DEVICE_SPEEDGRADE=8 --component-file=C:/Projects/SD/Problema_1/nios.qsys --language=VERILOG
Progress: Loading Problema_1/nios.qsys
Progress: Reading input file
Progress: Adding clock [clock_source 13.1]
Progress: Parameterizing module clock
Progress: Adding nios2 [altera_nios2_qsys 13.1]
Progress: Parameterizing module nios2
Progress: Adding memory [altera_avalon_onchip_memory2 13.1]
Progress: Parameterizing module memory
Progress: Adding buttons [altera_avalon_pio 13.1]
Progress: Parameterizing module buttons
Progress: Adding leds [altera_avalon_pio 13.1]
Progress: Parameterizing module leds
Progress: Adding jtag [altera_avalon_jtag_uart 13.1]
Progress: Parameterizing module jtag
Progress: Adding lcd_rs [altera_avalon_pio 13.1]
Progress: Parameterizing module lcd_rs
Progress: Adding lcd_rw [altera_avalon_pio 13.1]
Progress: Parameterizing module lcd_rw
Progress: Adding lcd_data [altera_avalon_pio 13.1]
Progress: Parameterizing module lcd_data
Progress: Adding lcd_flag [altera_avalon_pio 13.1]
Progress: Parameterizing module lcd_flag
Progress: Building connections
Progress: Parameterizing connections
Progress: Validating
Progress: Done reading input file
Info: nios.buttons: PIO inputs are not hardwired in test bench. Undefined values will be read from PIO inputs during simulation.
Info: nios.lcd_flag: PIO inputs are not hardwired in test bench. Undefined values will be read from PIO inputs during simulation.
Info: nios: Generating nios "nios" for QUARTUS_SYNTH
Info: pipeline_bridge_swap_transform: After transform: 10 modules, 39 connections
Info: No custom instruction connections, skipping transform 
Info: merlin_initial_interconnect_transform: After transform: 10 modules, 38 connections
Info: merlin_translator_transform: After transform: 21 modules, 82 connections
Info: merlin_domain_transform: After transform: 42 modules, 224 connections
Info: merlin_router_transform: After transform: 53 modules, 268 connections
Info: merlin_network_to_switch_transform: After transform: 74 modules, 323 connections
Info: merlin_clock_and_reset_bridge_transform: After transform: 76 modules, 398 connections
Info: merlin_hierarchy_transform: After transform: 11 modules, 42 connections
Info: merlin_mm_transform: After transform: 11 modules, 42 connections
Info: merlin_interrupt_mapper_transform: After transform: 12 modules, 46 connections
Info: reset_adaptation_transform: After transform: 14 modules, 48 connections
Info: nios2: Starting RTL generation for module 'nios_nios2'
Info: nios2:   Generation command is [exec C:/altera/13.1/quartus/bin/eperlcmd.exe -I C:/altera/13.1/quartus/bin/perl/lib -I C:/altera/13.1/quartus/sopc_builder/bin/europa -I C:/altera/13.1/quartus/sopc_builder/bin/perl_lib -I C:/altera/13.1/quartus/sopc_builder/bin -I C:/altera/13.1/quartus/../ip/altera/nios2_ip/altera_nios2/cpu_lib -I C:/altera/13.1/quartus/../ip/altera/nios2_ip/altera_nios2/nios_lib -I C:/altera/13.1/quartus/../ip/altera/nios2_ip/altera_nios2 -I C:/altera/13.1/quartus/../ip/altera/nios2_ip/altera_nios2 -- C:/altera/13.1/quartus/../ip/altera/nios2_ip/altera_nios2/generate_rtl.epl --name=nios_nios2 --dir=C:/Users/mathe/AppData/Local/Temp/alt7806_1833994913417279633.dir/0001_nios2_gen/ --quartus_dir=C:/altera/13.1/quartus --verilog --config=C:/Users/mathe/AppData/Local/Temp/alt7806_1833994913417279633.dir/0001_nios2_gen//nios_nios2_processor_configuration.pl  --do_build_sim=0  ]
Info: nios2: # 2018.10.01 22:47:08 (*) Starting Nios II generation
Info: nios2: # 2018.10.01 22:47:08 (*)   Checking for plaintext license.
Info: nios2: # 2018.10.01 22:47:09 (*)   Couldn't query license setup in Quartus directory C:/altera/13.1/quartus
Info: nios2: # 2018.10.01 22:47:09 (*)   Defaulting to contents of LM_LICENSE_FILE environment variable
Info: nios2: # 2018.10.01 22:47:09 (*)   LM_LICENSE_FILE environment variable is empty
Info: nios2: # 2018.10.01 22:47:09 (*)   Plaintext license not found.
Info: nios2: # 2018.10.01 22:47:09 (*)   No license required to generate encrypted Nios II/e.
Info: nios2: # 2018.10.01 22:47:09 (*)   Elaborating CPU configuration settings
Info: nios2: # 2018.10.01 22:47:10 (*)   Creating all objects for CPU
Info: nios2: # 2018.10.01 22:47:12 (*)   Generating RTL from CPU objects
Info: nios2: # 2018.10.01 22:47:12 (*)   Creating plain-text RTL
Info: nios2: # 2018.10.01 22:47:15 (*) Done Nios II generation
Info: nios2: Done RTL generation for module 'nios_nios2'
Info: nios2: "nios" instantiated altera_nios2_qsys "nios2"
Info: memory: Starting RTL generation for module 'nios_memory'
Info: memory:   Generation command is [exec C:/altera/13.1/quartus/bin/perl/bin/perl.exe -I C:/altera/13.1/quartus/bin/perl/lib -I C:/altera/13.1/quartus/sopc_builder/bin/europa -I C:/altera/13.1/quartus/sopc_builder/bin/perl_lib -I C:/altera/13.1/quartus/sopc_builder/bin -I C:/altera/13.1/quartus/../ip/altera/sopc_builder_ip/common -I C:/altera/13.1/quartus/../ip/altera/sopc_builder_ip/altera_avalon_onchip_memory2 -- C:/altera/13.1/quartus/../ip/altera/sopc_builder_ip/altera_avalon_onchip_memory2/generate_rtl.pl --name=nios_memory --dir=C:/Users/mathe/AppData/Local/Temp/alt7806_1833994913417279633.dir/0002_memory_gen/ --quartus_dir=C:/altera/13.1/quartus --verilog --config=C:/Users/mathe/AppData/Local/Temp/alt7806_1833994913417279633.dir/0002_memory_gen//nios_memory_component_configuration.pl  --do_build_sim=0  ]
Info: memory: Done RTL generation for module 'nios_memory'
Info: memory: "nios" instantiated altera_avalon_onchip_memory2 "memory"
Info: buttons: Starting RTL generation for module 'nios_buttons'
Info: buttons:   Generation command is [exec C:/altera/13.1/quartus/bin/perl/bin/perl.exe -I C:/altera/13.1/quartus/bin/perl/lib -I C:/altera/13.1/quartus/sopc_builder/bin/europa -I C:/altera/13.1/quartus/sopc_builder/bin/perl_lib -I C:/altera/13.1/quartus/sopc_builder/bin -I C:/altera/13.1/quartus/../ip/altera/sopc_builder_ip/common -I C:/altera/13.1/quartus/../ip/altera/sopc_builder_ip/altera_avalon_pio -- C:/altera/13.1/quartus/../ip/altera/sopc_builder_ip/altera_avalon_pio/generate_rtl.pl --name=nios_buttons --dir=C:/Users/mathe/AppData/Local/Temp/alt7806_1833994913417279633.dir/0003_buttons_gen/ --quartus_dir=C:/altera/13.1/quartus --verilog --config=C:/Users/mathe/AppData/Local/Temp/alt7806_1833994913417279633.dir/0003_buttons_gen//nios_buttons_component_configuration.pl  --do_build_sim=0  ]
Info: buttons: Done RTL generation for module 'nios_buttons'
Info: buttons: "nios" instantiated altera_avalon_pio "buttons"
Info: leds: Starting RTL generation for module 'nios_leds'
Info: leds:   Generation command is [exec C:/altera/13.1/quartus/bin/perl/bin/perl.exe -I C:/altera/13.1/quartus/bin/perl/lib -I C:/altera/13.1/quartus/sopc_builder/bin/europa -I C:/altera/13.1/quartus/sopc_builder/bin/perl_lib -I C:/altera/13.1/quartus/sopc_builder/bin -I C:/altera/13.1/quartus/../ip/altera/sopc_builder_ip/common -I C:/altera/13.1/quartus/../ip/altera/sopc_builder_ip/altera_avalon_pio -- C:/altera/13.1/quartus/../ip/altera/sopc_builder_ip/altera_avalon_pio/generate_rtl.pl --name=nios_leds --dir=C:/Users/mathe/AppData/Local/Temp/alt7806_1833994913417279633.dir/0004_leds_gen/ --quartus_dir=C:/altera/13.1/quartus --verilog --config=C:/Users/mathe/AppData/Local/Temp/alt7806_1833994913417279633.dir/0004_leds_gen//nios_leds_component_configuration.pl  --do_build_sim=0  ]
Info: leds: Done RTL generation for module 'nios_leds'
Info: leds: "nios" instantiated altera_avalon_pio "leds"
Info: jtag: Starting RTL generation for module 'nios_jtag'
Info: jtag:   Generation command is [exec C:/altera/13.1/quartus/bin/perl/bin/perl.exe -I C:/altera/13.1/quartus/bin/perl/lib -I C:/altera/13.1/quartus/sopc_builder/bin/europa -I C:/altera/13.1/quartus/sopc_builder/bin/perl_lib -I C:/altera/13.1/quartus/sopc_builder/bin -I C:/altera/13.1/quartus/../ip/altera/sopc_builder_ip/common -I C:/altera/13.1/quartus/../ip/altera/sopc_builder_ip/altera_avalon_jtag_uart -- C:/altera/13.1/quartus/../ip/altera/sopc_builder_ip/altera_avalon_jtag_uart/generate_rtl.pl --name=nios_jtag --dir=C:/Users/mathe/AppData/Local/Temp/alt7806_1833994913417279633.dir/0005_jtag_gen/ --quartus_dir=C:/altera/13.1/quartus --verilog --config=C:/Users/mathe/AppData/Local/Temp/alt7806_1833994913417279633.dir/0005_jtag_gen//nios_jtag_component_configuration.pl  --do_build_sim=0  ]
Info: jtag: Done RTL generation for module 'nios_jtag'
Info: jtag: "nios" instantiated altera_avalon_jtag_uart "jtag"
Info: lcd_rs: Starting RTL generation for module 'nios_lcd_rs'
Info: lcd_rs:   Generation command is [exec C:/altera/13.1/quartus/bin/perl/bin/perl.exe -I C:/altera/13.1/quartus/bin/perl/lib -I C:/altera/13.1/quartus/sopc_builder/bin/europa -I C:/altera/13.1/quartus/sopc_builder/bin/perl_lib -I C:/altera/13.1/quartus/sopc_builder/bin -I C:/altera/13.1/quartus/../ip/altera/sopc_builder_ip/common -I C:/altera/13.1/quartus/../ip/altera/sopc_builder_ip/altera_avalon_pio -- C:/altera/13.1/quartus/../ip/altera/sopc_builder_ip/altera_avalon_pio/generate_rtl.pl --name=nios_lcd_rs --dir=C:/Users/mathe/AppData/Local/Temp/alt7806_1833994913417279633.dir/0006_lcd_rs_gen/ --quartus_dir=C:/altera/13.1/quartus --verilog --config=C:/Users/mathe/AppData/Local/Temp/alt7806_1833994913417279633.dir/0006_lcd_rs_gen//nios_lcd_rs_component_configuration.pl  --do_build_sim=0  ]
Info: lcd_rs: Done RTL generation for module 'nios_lcd_rs'
Info: lcd_rs: "nios" instantiated altera_avalon_pio "lcd_rs"
Info: lcd_data: Starting RTL generation for module 'nios_lcd_data'
Info: lcd_data:   Generation command is [exec C:/altera/13.1/quartus/bin/perl/bin/perl.exe -I C:/altera/13.1/quartus/bin/perl/lib -I C:/altera/13.1/quartus/sopc_builder/bin/europa -I C:/altera/13.1/quartus/sopc_builder/bin/perl_lib -I C:/altera/13.1/quartus/sopc_builder/bin -I C:/altera/13.1/quartus/../ip/altera/sopc_builder_ip/common -I C:/altera/13.1/quartus/../ip/altera/sopc_builder_ip/altera_avalon_pio -- C:/altera/13.1/quartus/../ip/altera/sopc_builder_ip/altera_avalon_pio/generate_rtl.pl --name=nios_lcd_data --dir=C:/Users/mathe/AppData/Local/Temp/alt7806_1833994913417279633.dir/0007_lcd_data_gen/ --quartus_dir=C:/altera/13.1/quartus --verilog --config=C:/Users/mathe/AppData/Local/Temp/alt7806_1833994913417279633.dir/0007_lcd_data_gen//nios_lcd_data_component_configuration.pl  --do_build_sim=0  ]
Info: lcd_data: Done RTL generation for module 'nios_lcd_data'
Info: lcd_data: "nios" instantiated altera_avalon_pio "lcd_data"
Info: lcd_flag: Starting RTL generation for module 'nios_lcd_flag'
Info: lcd_flag:   Generation command is [exec C:/altera/13.1/quartus/bin/perl/bin/perl.exe -I C:/altera/13.1/quartus/bin/perl/lib -I C:/altera/13.1/quartus/sopc_builder/bin/europa -I C:/altera/13.1/quartus/sopc_builder/bin/perl_lib -I C:/altera/13.1/quartus/sopc_builder/bin -I C:/altera/13.1/quartus/../ip/altera/sopc_builder_ip/common -I C:/altera/13.1/quartus/../ip/altera/sopc_builder_ip/altera_avalon_pio -- C:/altera/13.1/quartus/../ip/altera/sopc_builder_ip/altera_avalon_pio/generate_rtl.pl --name=nios_lcd_flag --dir=C:/Users/mathe/AppData/Local/Temp/alt7806_1833994913417279633.dir/0008_lcd_flag_gen/ --quartus_dir=C:/altera/13.1/quartus --verilog --config=C:/Users/mathe/AppData/Local/Temp/alt7806_1833994913417279633.dir/0008_lcd_flag_gen//nios_lcd_flag_component_configuration.pl  --do_build_sim=0  ]
Info: lcd_flag: Done RTL generation for module 'nios_lcd_flag'
Info: lcd_flag: "nios" instantiated altera_avalon_pio "lcd_flag"
Info: pipeline_bridge_swap_transform: After transform: 66 modules, 222 connections
Info: No custom instruction connections, skipping transform 
Info: merlin_initial_interconnect_transform: After transform: 0 modules, 0 connections
Info: No Avalon connections, skipping transform 
Info: merlin_hierarchy_transform: After transform: 66 modules, 222 connections
Info: merlin_initial_interconnect_transform: After transform: 0 modules, 0 connections
Info: No Avalon connections, skipping transform 
Info: merlin_hierarchy_transform: After transform: 66 modules, 222 connections
Info: merlin_initial_interconnect_transform: After transform: 0 modules, 0 connections
Info: No Avalon connections, skipping transform 
Info: merlin_hierarchy_transform: After transform: 66 modules, 222 connections
Info: merlin_initial_interconnect_transform: After transform: 0 modules, 0 connections
Info: No Avalon connections, skipping transform 
Info: merlin_hierarchy_transform: After transform: 66 modules, 222 connections
Info: merlin_initial_interconnect_transform: After transform: 0 modules, 0 connections
Info: No Avalon connections, skipping transform 
Info: merlin_hierarchy_transform: After transform: 66 modules, 222 connections
Info: merlin_initial_interconnect_transform: After transform: 0 modules, 0 connections
Info: No Avalon connections, skipping transform 
Info: merlin_hierarchy_transform: After transform: 66 modules, 222 connections
Info: merlin_initial_interconnect_transform: After transform: 0 modules, 0 connections
Info: No Avalon connections, skipping transform 
Info: merlin_hierarchy_transform: After transform: 66 modules, 222 connections
Info: merlin_initial_interconnect_transform: After transform: 0 modules, 0 connections
Info: No Avalon connections, skipping transform 
Info: merlin_hierarchy_transform: After transform: 66 modules, 222 connections
Info: merlin_initial_interconnect_transform: After transform: 0 modules, 0 connections
Info: No Avalon connections, skipping transform 
Info: merlin_hierarchy_transform: After transform: 66 modules, 222 connections
Info: merlin_initial_interconnect_transform: After transform: 0 modules, 0 connections
Info: No Avalon connections, skipping transform 
Info: merlin_hierarchy_transform: After transform: 66 modules, 222 connections
Info: merlin_initial_interconnect_transform: After transform: 0 modules, 0 connections
Info: No Avalon connections, skipping transform 
Info: merlin_hierarchy_transform: After transform: 66 modules, 222 connections
Info: mm_interconnect_0: "nios" instantiated altera_merlin_interconnect_wrapper "mm_interconnect_0"
Info: irq_mapper: "nios" instantiated altera_irq_mapper "irq_mapper"
Info: rst_controller: "nios" instantiated altera_reset_controller "rst_controller"
Info: nios2_instruction_master_translator: "mm_interconnect_0" instantiated altera_merlin_master_translator "nios2_instruction_master_translator"
Info: memory_s1_translator: "mm_interconnect_0" instantiated altera_merlin_slave_translator "memory_s1_translator"
Info: nios2_instruction_master_translator_avalon_universal_master_0_agent: "mm_interconnect_0" instantiated altera_merlin_master_agent "nios2_instruction_master_translator_avalon_universal_master_0_agent"
Info: memory_s1_translator_avalon_universal_slave_0_agent: "mm_interconnect_0" instantiated altera_merlin_slave_agent "memory_s1_translator_avalon_universal_slave_0_agent"
Info: memory_s1_translator_avalon_universal_slave_0_agent_rsp_fifo: "mm_interconnect_0" instantiated altera_avalon_sc_fifo "memory_s1_translator_avalon_universal_slave_0_agent_rsp_fifo"
Info: addr_router: "mm_interconnect_0" instantiated altera_merlin_router "addr_router"
Info: addr_router_001: "mm_interconnect_0" instantiated altera_merlin_router "addr_router_001"
Info: id_router: "mm_interconnect_0" instantiated altera_merlin_router "id_router"
Info: id_router_002: "mm_interconnect_0" instantiated altera_merlin_router "id_router_002"
Info: cmd_xbar_demux: "mm_interconnect_0" instantiated altera_merlin_demultiplexer "cmd_xbar_demux"
Info: cmd_xbar_demux_001: "mm_interconnect_0" instantiated altera_merlin_demultiplexer "cmd_xbar_demux_001"
Info: cmd_xbar_mux: "mm_interconnect_0" instantiated altera_merlin_multiplexer "cmd_xbar_mux"
Info: cmd_xbar_mux_002: "mm_interconnect_0" instantiated altera_merlin_multiplexer "cmd_xbar_mux_002"
Info: Reusing file C:/Projects/SD/Problema_1/nios/synthesis/submodules/altera_merlin_arbitrator.sv
Info: rsp_xbar_demux_002: "mm_interconnect_0" instantiated altera_merlin_demultiplexer "rsp_xbar_demux_002"
Info: rsp_xbar_mux: "mm_interconnect_0" instantiated altera_merlin_multiplexer "rsp_xbar_mux"
Info: Reusing file C:/Projects/SD/Problema_1/nios/synthesis/submodules/altera_merlin_arbitrator.sv
Info: rsp_xbar_mux_001: "mm_interconnect_0" instantiated altera_merlin_multiplexer "rsp_xbar_mux_001"
Info: Reusing file C:/Projects/SD/Problema_1/nios/synthesis/submodules/altera_merlin_arbitrator.sv
Info: nios: Done "nios" with 28 modules, 42 files, 971620 bytes
Info: ip-generate succeeded.
Info: Finished: Create HDL design files for synthesis
