Flow report for problem_1
Wed Sep 19 19:33:06 2018
Quartus II 64-Bit Version 13.1.0 Build 162 10/23/2013 SJ Web Edition


---------------------
; Table of Contents ;
---------------------
  1. Legal Notice
  2. Flow Summary
  3. Flow Settings
  4. Flow Non-Default Global Settings
  5. Flow Elapsed Time
  6. Flow OS Summary
  7. Flow Log
  8. Flow Messages
  9. Flow Suppressed Messages



----------------
; Legal Notice ;
----------------
Copyright (C) 1991-2013 Altera Corporation
Your use of Altera Corporation's design tools, logic functions 
and other software and tools, and its AMPP partner logic 
functions, and any output files from any of the foregoing 
(including device programming or simulation files), and any 
associated documentation or information are expressly subject 
to the terms and conditions of the Altera Program License 
Subscription Agreement, Altera MegaCore Function License 
Agreement, or other applicable license agreement, including, 
without limitation, that your use is for the sole purpose of 
programming logic devices manufactured by Altera and sold by 
Altera or its authorized distributors.  Please refer to the 
applicable agreement for further details.



+---------------------------------------------------------------------------------+
; Flow Summary                                                                    ;
+------------------------------------+--------------------------------------------+
; Flow Status                        ; Successful - Wed Sep 19 19:33:01 2018      ;
; Quartus II 64-Bit Version          ; 13.1.0 Build 162 10/23/2013 SJ Web Edition ;
; Revision Name                      ; problem_1                                  ;
; Top-level Entity Name              ; lcd_initializer                            ;
; Family                             ; Cyclone III                                ;
; Device                             ; EP3C25F324C8                               ;
; Timing Models                      ; Final                                      ;
; Total logic elements               ; 0 / 24,624 ( 0 % )                         ;
;     Total combinational functions  ; 0 / 24,624 ( 0 % )                         ;
;     Dedicated logic registers      ; 0 / 24,624 ( 0 % )                         ;
; Total registers                    ; 0                                          ;
; Total pins                         ; 36 / 216 ( 17 % )                          ;
; Total virtual pins                 ; 0                                          ;
; Total memory bits                  ; 0 / 608,256 ( 0 % )                        ;
; Embedded Multiplier 9-bit elements ; 0 / 132 ( 0 % )                            ;
; Total PLLs                         ; 0 / 4 ( 0 % )                              ;
+------------------------------------+--------------------------------------------+


+-----------------------------------------+
; Flow Settings                           ;
+-------------------+---------------------+
; Option            ; Setting             ;
+-------------------+---------------------+
; Start date & time ; 09/19/2018 19:32:42 ;
; Main task         ; Compilation         ;
; Revision Name     ; problem_1           ;
+-------------------+---------------------+


+-----------------------------------------------------------------------------------------------------------------------------------------------------------------------+
; Flow Non-Default Global Settings                                                                                                                                      ;
+-------------------------------------+--------------------------------------------------------+---------------+-------------------------------------------+------------+
; Assignment Name                     ; Value                                                  ; Default Value ; Entity Name                               ; Section Id ;
+-------------------------------------+--------------------------------------------------------+---------------+-------------------------------------------+------------+
; COMPILER_SIGNATURE_ID               ; 237841979192894.153739636202856                        ; --            ; --                                        ; --         ;
; IP_TOOL_ENV                         ; Qsys                                                   ; --            ; altera_avalon_sc_fifo                     ; --         ;
; IP_TOOL_ENV                         ; Qsys                                                   ; --            ; altera_merlin_master_agent                ; --         ;
; IP_TOOL_ENV                         ; Qsys                                                   ; --            ; altera_merlin_master_translator           ; --         ;
; IP_TOOL_ENV                         ; Qsys                                                   ; --            ; altera_merlin_slave_agent                 ; --         ;
; IP_TOOL_ENV                         ; Qsys                                                   ; --            ; altera_merlin_slave_translator            ; --         ;
; IP_TOOL_ENV                         ; Qsys                                                   ; --            ; altera_merlin_traffic_limiter             ; --         ;
; IP_TOOL_ENV                         ; Qsys                                                   ; --            ; altera_reset_controller                   ; --         ;
; IP_TOOL_ENV                         ; Qsys                                                   ; --            ; nios                                      ; --         ;
; IP_TOOL_ENV                         ; Qsys                                                   ; --            ; nios_buttons                              ; --         ;
; IP_TOOL_ENV                         ; Qsys                                                   ; --            ; nios_irq_mapper                           ; --         ;
; IP_TOOL_ENV                         ; Qsys                                                   ; --            ; nios_jtag                                 ; --         ;
; IP_TOOL_ENV                         ; Qsys                                                   ; --            ; nios_leds                                 ; --         ;
; IP_TOOL_ENV                         ; Qsys                                                   ; --            ; nios_memory                               ; --         ;
; IP_TOOL_ENV                         ; Qsys                                                   ; --            ; nios_mm_interconnect_0                    ; --         ;
; IP_TOOL_ENV                         ; Qsys                                                   ; --            ; nios_mm_interconnect_0_addr_router        ; --         ;
; IP_TOOL_ENV                         ; Qsys                                                   ; --            ; nios_mm_interconnect_0_addr_router_001    ; --         ;
; IP_TOOL_ENV                         ; Qsys                                                   ; --            ; nios_mm_interconnect_0_cmd_xbar_demux     ; --         ;
; IP_TOOL_ENV                         ; Qsys                                                   ; --            ; nios_mm_interconnect_0_cmd_xbar_demux_001 ; --         ;
; IP_TOOL_ENV                         ; Qsys                                                   ; --            ; nios_mm_interconnect_0_cmd_xbar_mux       ; --         ;
; IP_TOOL_ENV                         ; Qsys                                                   ; --            ; nios_mm_interconnect_0_cmd_xbar_mux_002   ; --         ;
; IP_TOOL_ENV                         ; Qsys                                                   ; --            ; nios_mm_interconnect_0_id_router          ; --         ;
; IP_TOOL_ENV                         ; Qsys                                                   ; --            ; nios_mm_interconnect_0_id_router_002      ; --         ;
; IP_TOOL_ENV                         ; Qsys                                                   ; --            ; nios_mm_interconnect_0_rsp_xbar_demux     ; --         ;
; IP_TOOL_ENV                         ; Qsys                                                   ; --            ; nios_mm_interconnect_0_rsp_xbar_demux_002 ; --         ;
; IP_TOOL_ENV                         ; Qsys                                                   ; --            ; nios_mm_interconnect_0_rsp_xbar_mux       ; --         ;
; IP_TOOL_ENV                         ; Qsys                                                   ; --            ; nios_mm_interconnect_0_rsp_xbar_mux_001   ; --         ;
; IP_TOOL_ENV                         ; Qsys                                                   ; --            ; nios_nios2                                ; --         ;
; IP_TOOL_NAME                        ; altera_avalon_sc_fifo                                  ; --            ; altera_avalon_sc_fifo                     ; --         ;
; IP_TOOL_NAME                        ; altera_merlin_master_agent                             ; --            ; altera_merlin_master_agent                ; --         ;
; IP_TOOL_NAME                        ; altera_merlin_master_translator                        ; --            ; altera_merlin_master_translator           ; --         ;
; IP_TOOL_NAME                        ; altera_merlin_slave_agent                              ; --            ; altera_merlin_slave_agent                 ; --         ;
; IP_TOOL_NAME                        ; altera_merlin_slave_translator                         ; --            ; altera_merlin_slave_translator            ; --         ;
; IP_TOOL_NAME                        ; altera_merlin_traffic_limiter                          ; --            ; altera_merlin_traffic_limiter             ; --         ;
; IP_TOOL_NAME                        ; altera_reset_controller                                ; --            ; altera_reset_controller                   ; --         ;
; IP_TOOL_NAME                        ; Qsys                                                   ; --            ; nios                                      ; --         ;
; IP_TOOL_NAME                        ; altera_avalon_pio                                      ; --            ; nios_buttons                              ; --         ;
; IP_TOOL_NAME                        ; altera_irq_mapper                                      ; --            ; nios_irq_mapper                           ; --         ;
; IP_TOOL_NAME                        ; altera_avalon_jtag_uart                                ; --            ; nios_jtag                                 ; --         ;
; IP_TOOL_NAME                        ; altera_avalon_pio                                      ; --            ; nios_leds                                 ; --         ;
; IP_TOOL_NAME                        ; altera_avalon_onchip_memory2                           ; --            ; nios_memory                               ; --         ;
; IP_TOOL_NAME                        ; altera_merlin_interconnect_wrapper                     ; --            ; nios_mm_interconnect_0                    ; --         ;
; IP_TOOL_NAME                        ; altera_merlin_router                                   ; --            ; nios_mm_interconnect_0_addr_router        ; --         ;
; IP_TOOL_NAME                        ; altera_merlin_router                                   ; --            ; nios_mm_interconnect_0_addr_router_001    ; --         ;
; IP_TOOL_NAME                        ; altera_merlin_demultiplexer                            ; --            ; nios_mm_interconnect_0_cmd_xbar_demux     ; --         ;
; IP_TOOL_NAME                        ; altera_merlin_demultiplexer                            ; --            ; nios_mm_interconnect_0_cmd_xbar_demux_001 ; --         ;
; IP_TOOL_NAME                        ; altera_merlin_multiplexer                              ; --            ; nios_mm_interconnect_0_cmd_xbar_mux       ; --         ;
; IP_TOOL_NAME                        ; altera_merlin_multiplexer                              ; --            ; nios_mm_interconnect_0_cmd_xbar_mux_002   ; --         ;
; IP_TOOL_NAME                        ; altera_merlin_router                                   ; --            ; nios_mm_interconnect_0_id_router          ; --         ;
; IP_TOOL_NAME                        ; altera_merlin_router                                   ; --            ; nios_mm_interconnect_0_id_router_002      ; --         ;
; IP_TOOL_NAME                        ; altera_merlin_demultiplexer                            ; --            ; nios_mm_interconnect_0_rsp_xbar_demux     ; --         ;
; IP_TOOL_NAME                        ; altera_merlin_demultiplexer                            ; --            ; nios_mm_interconnect_0_rsp_xbar_demux_002 ; --         ;
; IP_TOOL_NAME                        ; altera_merlin_multiplexer                              ; --            ; nios_mm_interconnect_0_rsp_xbar_mux       ; --         ;
; IP_TOOL_NAME                        ; altera_merlin_multiplexer                              ; --            ; nios_mm_interconnect_0_rsp_xbar_mux_001   ; --         ;
; IP_TOOL_NAME                        ; altera_nios2_qsys                                      ; --            ; nios_nios2                                ; --         ;
; IP_TOOL_VERSION                     ; 13.1                                                   ; --            ; altera_avalon_sc_fifo                     ; --         ;
; IP_TOOL_VERSION                     ; 13.1                                                   ; --            ; altera_merlin_master_agent                ; --         ;
; IP_TOOL_VERSION                     ; 13.1                                                   ; --            ; altera_merlin_master_translator           ; --         ;
; IP_TOOL_VERSION                     ; 13.1                                                   ; --            ; altera_merlin_slave_agent                 ; --         ;
; IP_TOOL_VERSION                     ; 13.1                                                   ; --            ; altera_merlin_slave_translator            ; --         ;
; IP_TOOL_VERSION                     ; 13.1                                                   ; --            ; altera_merlin_traffic_limiter             ; --         ;
; IP_TOOL_VERSION                     ; 13.1                                                   ; --            ; altera_reset_controller                   ; --         ;
; IP_TOOL_VERSION                     ; 13.1                                                   ; --            ; nios                                      ; --         ;
; IP_TOOL_VERSION                     ; 13.1                                                   ; --            ; nios_buttons                              ; --         ;
; IP_TOOL_VERSION                     ; 13.1                                                   ; --            ; nios_irq_mapper                           ; --         ;
; IP_TOOL_VERSION                     ; 13.1                                                   ; --            ; nios_jtag                                 ; --         ;
; IP_TOOL_VERSION                     ; 13.1                                                   ; --            ; nios_leds                                 ; --         ;
; IP_TOOL_VERSION                     ; 13.1                                                   ; --            ; nios_memory                               ; --         ;
; IP_TOOL_VERSION                     ; 13.1                                                   ; --            ; nios_mm_interconnect_0                    ; --         ;
; IP_TOOL_VERSION                     ; 13.1                                                   ; --            ; nios_mm_interconnect_0_addr_router        ; --         ;
; IP_TOOL_VERSION                     ; 13.1                                                   ; --            ; nios_mm_interconnect_0_addr_router_001    ; --         ;
; IP_TOOL_VERSION                     ; 13.1                                                   ; --            ; nios_mm_interconnect_0_cmd_xbar_demux     ; --         ;
; IP_TOOL_VERSION                     ; 13.1                                                   ; --            ; nios_mm_interconnect_0_cmd_xbar_demux_001 ; --         ;
; IP_TOOL_VERSION                     ; 13.1                                                   ; --            ; nios_mm_interconnect_0_cmd_xbar_mux       ; --         ;
; IP_TOOL_VERSION                     ; 13.1                                                   ; --            ; nios_mm_interconnect_0_cmd_xbar_mux_002   ; --         ;
; IP_TOOL_VERSION                     ; 13.1                                                   ; --            ; nios_mm_interconnect_0_id_router          ; --         ;
; IP_TOOL_VERSION                     ; 13.1                                                   ; --            ; nios_mm_interconnect_0_id_router_002      ; --         ;
; IP_TOOL_VERSION                     ; 13.1                                                   ; --            ; nios_mm_interconnect_0_rsp_xbar_demux     ; --         ;
; IP_TOOL_VERSION                     ; 13.1                                                   ; --            ; nios_mm_interconnect_0_rsp_xbar_demux_002 ; --         ;
; IP_TOOL_VERSION                     ; 13.1                                                   ; --            ; nios_mm_interconnect_0_rsp_xbar_mux       ; --         ;
; IP_TOOL_VERSION                     ; 13.1                                                   ; --            ; nios_mm_interconnect_0_rsp_xbar_mux_001   ; --         ;
; IP_TOOL_VERSION                     ; 13.1                                                   ; --            ; nios_nios2                                ; --         ;
; MAX_CORE_JUNCTION_TEMP              ; 85                                                     ; --            ; --                                        ; --         ;
; MIN_CORE_JUNCTION_TEMP              ; 0                                                      ; --            ; --                                        ; --         ;
; MISC_FILE                           ; nios/synthesis/../../nios.cmp                          ; --            ; --                                        ; --         ;
; MISC_FILE                           ; nios/synthesis/../../nios.qsys                         ; --            ; --                                        ; --         ;
; PARTITION_COLOR                     ; 16764057                                               ; --            ; lcd_initializer                           ; Top        ;
; PARTITION_FITTER_PRESERVATION_LEVEL ; PLACEMENT_AND_ROUTING                                  ; --            ; lcd_initializer                           ; Top        ;
; PARTITION_NETLIST_TYPE              ; SOURCE                                                 ; --            ; lcd_initializer                           ; Top        ;
; PROJECT_OUTPUT_DIRECTORY            ; output_files                                           ; --            ; --                                        ; --         ;
; SLD_FILE                            ; nios/synthesis/nios.regmap                             ; --            ; --                                        ; --         ;
; SLD_FILE                            ; nios/synthesis/nios.debuginfo                          ; --            ; --                                        ; --         ;
; SLD_INFO                            ; QSYS_NAME nios HAS_SOPCINFO 1 GENERATION_ID 1537395852 ; --            ; nios                                      ; --         ;
; SOPCINFO_FILE                       ; nios/synthesis/../../nios.sopcinfo                     ; --            ; --                                        ; --         ;
; SYNTHESIS_ONLY_QIP                  ; On                                                     ; --            ; --                                        ; --         ;
; TOP_LEVEL_ENTITY                    ; lcd_initializer                                        ; problem_1     ; --                                        ; --         ;
+-------------------------------------+--------------------------------------------------------+---------------+-------------------------------------------+------------+


+-------------------------------------------------------------------------------------------------------------------------------+
; Flow Elapsed Time                                                                                                             ;
+---------------------------+--------------+-------------------------+---------------------+------------------------------------+
; Module Name               ; Elapsed Time ; Average Processors Used ; Peak Virtual Memory ; Total CPU Time (on all processors) ;
+---------------------------+--------------+-------------------------+---------------------+------------------------------------+
; Analysis & Synthesis      ; 00:00:04     ; 1.0                     ; 554 MB              ; 00:00:03                           ;
; Fitter                    ; 00:00:09     ; 1.1                     ; 1089 MB             ; 00:00:09                           ;
; Assembler                 ; 00:00:03     ; 1.0                     ; 522 MB              ; 00:00:02                           ;
; TimeQuest Timing Analyzer ; 00:00:03     ; 1.0                     ; 600 MB              ; 00:00:03                           ;
; Total                     ; 00:00:19     ; --                      ; --                  ; 00:00:17                           ;
+---------------------------+--------------+-------------------------+---------------------+------------------------------------+


+----------------------------------------------------------------------------------------+
; Flow OS Summary                                                                        ;
+---------------------------+------------------+-----------+------------+----------------+
; Module Name               ; Machine Hostname ; OS Name   ; OS Version ; Processor type ;
+---------------------------+------------------+-----------+------------+----------------+
; Analysis & Synthesis      ; DESKTOP-V3I5LCL  ; Windows 7 ; 6.2        ; x86_64         ;
; Fitter                    ; DESKTOP-V3I5LCL  ; Windows 7 ; 6.2        ; x86_64         ;
; Assembler                 ; DESKTOP-V3I5LCL  ; Windows 7 ; 6.2        ; x86_64         ;
; TimeQuest Timing Analyzer ; DESKTOP-V3I5LCL  ; Windows 7 ; 6.2        ; x86_64         ;
+---------------------------+------------------+-----------+------------+----------------+


------------
; Flow Log ;
------------
quartus_map --read_settings_files=on --write_settings_files=off problem_1 -c problem_1
quartus_fit --read_settings_files=off --write_settings_files=off problem_1 -c problem_1
quartus_asm --read_settings_files=off --write_settings_files=off problem_1 -c problem_1
quartus_sta problem_1 -c problem_1



