Analysis & Synthesis report for problem_1
Wed Sep 19 19:32:46 2018
Quartus II 64-Bit Version 13.1.0 Build 162 10/23/2013 SJ Web Edition


---------------------
; Table of Contents ;
---------------------
  1. Legal Notice
  2. Analysis & Synthesis Summary
  3. Analysis & Synthesis Settings
  4. Parallel Compilation
  5. Analysis & Synthesis Source Files Read
  6. Analysis & Synthesis Resource Usage Summary
  7. Analysis & Synthesis Resource Utilization by Entity
  8. General Register Statistics
  9. Elapsed Time Per Partition
 10. Analysis & Synthesis Messages
 11. Analysis & Synthesis Suppressed Messages



----------------
; Legal Notice ;
----------------
Copyright (C) 1991-2013 Altera Corporation
Your use of Altera Corporation's design tools, logic functions 
and other software and tools, and its AMPP partner logic 
functions, and any output files from any of the foregoing 
(including device programming or simulation files), and any 
associated documentation or information are expressly subject 
to the terms and conditions of the Altera Program License 
Subscription Agreement, Altera MegaCore Function License 
Agreement, or other applicable license agreement, including, 
without limitation, that your use is for the sole purpose of 
programming logic devices manufactured by Altera and sold by 
Altera or its authorized distributors.  Please refer to the 
applicable agreement for further details.



+---------------------------------------------------------------------------------+
; Analysis & Synthesis Summary                                                    ;
+------------------------------------+--------------------------------------------+
; Analysis & Synthesis Status        ; Successful - Wed Sep 19 19:32:45 2018      ;
; Quartus II 64-Bit Version          ; 13.1.0 Build 162 10/23/2013 SJ Web Edition ;
; Revision Name                      ; problem_1                                  ;
; Top-level Entity Name              ; lcd_initializer                            ;
; Family                             ; Cyclone III                                ;
; Total logic elements               ; 0                                          ;
;     Total combinational functions  ; 0                                          ;
;     Dedicated logic registers      ; 0                                          ;
; Total registers                    ; 0                                          ;
; Total pins                         ; 36                                         ;
; Total virtual pins                 ; 0                                          ;
; Total memory bits                  ; 0                                          ;
; Embedded Multiplier 9-bit elements ; 0                                          ;
; Total PLLs                         ; 0                                          ;
+------------------------------------+--------------------------------------------+


+----------------------------------------------------------------------------------------------------------------------+
; Analysis & Synthesis Settings                                                                                        ;
+----------------------------------------------------------------------------+--------------------+--------------------+
; Option                                                                     ; Setting            ; Default Value      ;
+----------------------------------------------------------------------------+--------------------+--------------------+
; Device                                                                     ; EP3C25F324C8       ;                    ;
; Top-level entity name                                                      ; lcd_initializer    ; problem_1          ;
; Family name                                                                ; Cyclone III        ; Cyclone IV GX      ;
; Use smart compilation                                                      ; Off                ; Off                ;
; Enable parallel Assembler and TimeQuest Timing Analyzer during compilation ; On                 ; On                 ;
; Enable compact report table                                                ; Off                ; Off                ;
; Restructure Multiplexers                                                   ; Auto               ; Auto               ;
; Create Debugging Nodes for IP Cores                                        ; Off                ; Off                ;
; Preserve fewer node names                                                  ; On                 ; On                 ;
; Disable OpenCore Plus hardware evaluation                                  ; Off                ; Off                ;
; Verilog Version                                                            ; Verilog_2001       ; Verilog_2001       ;
; VHDL Version                                                               ; VHDL_1993          ; VHDL_1993          ;
; State Machine Processing                                                   ; Auto               ; Auto               ;
; Safe State Machine                                                         ; Off                ; Off                ;
; Extract Verilog State Machines                                             ; On                 ; On                 ;
; Extract VHDL State Machines                                                ; On                 ; On                 ;
; Ignore Verilog initial constructs                                          ; Off                ; Off                ;
; Iteration limit for constant Verilog loops                                 ; 5000               ; 5000               ;
; Iteration limit for non-constant Verilog loops                             ; 250                ; 250                ;
; Add Pass-Through Logic to Inferred RAMs                                    ; On                 ; On                 ;
; Infer RAMs from Raw Logic                                                  ; On                 ; On                 ;
; Parallel Synthesis                                                         ; On                 ; On                 ;
; DSP Block Balancing                                                        ; Auto               ; Auto               ;
; NOT Gate Push-Back                                                         ; On                 ; On                 ;
; Power-Up Don't Care                                                        ; On                 ; On                 ;
; Remove Redundant Logic Cells                                               ; Off                ; Off                ;
; Remove Duplicate Registers                                                 ; On                 ; On                 ;
; Ignore CARRY Buffers                                                       ; Off                ; Off                ;
; Ignore CASCADE Buffers                                                     ; Off                ; Off                ;
; Ignore GLOBAL Buffers                                                      ; Off                ; Off                ;
; Ignore ROW GLOBAL Buffers                                                  ; Off                ; Off                ;
; Ignore LCELL Buffers                                                       ; Off                ; Off                ;
; Ignore SOFT Buffers                                                        ; On                 ; On                 ;
; Limit AHDL Integers to 32 Bits                                             ; Off                ; Off                ;
; Optimization Technique                                                     ; Balanced           ; Balanced           ;
; Carry Chain Length                                                         ; 70                 ; 70                 ;
; Auto Carry Chains                                                          ; On                 ; On                 ;
; Auto Open-Drain Pins                                                       ; On                 ; On                 ;
; Perform WYSIWYG Primitive Resynthesis                                      ; Off                ; Off                ;
; Auto ROM Replacement                                                       ; On                 ; On                 ;
; Auto RAM Replacement                                                       ; On                 ; On                 ;
; Auto DSP Block Replacement                                                 ; On                 ; On                 ;
; Auto Shift Register Replacement                                            ; Auto               ; Auto               ;
; Allow Shift Register Merging across Hierarchies                            ; Auto               ; Auto               ;
; Auto Clock Enable Replacement                                              ; On                 ; On                 ;
; Strict RAM Replacement                                                     ; Off                ; Off                ;
; Allow Synchronous Control Signals                                          ; On                 ; On                 ;
; Force Use of Synchronous Clear Signals                                     ; Off                ; Off                ;
; Auto RAM Block Balancing                                                   ; On                 ; On                 ;
; Auto RAM to Logic Cell Conversion                                          ; Off                ; Off                ;
; Auto Resource Sharing                                                      ; Off                ; Off                ;
; Allow Any RAM Size For Recognition                                         ; Off                ; Off                ;
; Allow Any ROM Size For Recognition                                         ; Off                ; Off                ;
; Allow Any Shift Register Size For Recognition                              ; Off                ; Off                ;
; Use LogicLock Constraints during Resource Balancing                        ; On                 ; On                 ;
; Ignore translate_off and synthesis_off directives                          ; Off                ; Off                ;
; Timing-Driven Synthesis                                                    ; On                 ; On                 ;
; Report Parameter Settings                                                  ; On                 ; On                 ;
; Report Source Assignments                                                  ; On                 ; On                 ;
; Report Connectivity Checks                                                 ; On                 ; On                 ;
; Ignore Maximum Fan-Out Assignments                                         ; Off                ; Off                ;
; Synchronization Register Chain Length                                      ; 2                  ; 2                  ;
; PowerPlay Power Optimization                                               ; Normal compilation ; Normal compilation ;
; HDL message level                                                          ; Level2             ; Level2             ;
; Suppress Register Optimization Related Messages                            ; Off                ; Off                ;
; Number of Removed Registers Reported in Synthesis Report                   ; 5000               ; 5000               ;
; Number of Swept Nodes Reported in Synthesis Report                         ; 5000               ; 5000               ;
; Number of Inverted Registers Reported in Synthesis Report                  ; 100                ; 100                ;
; Clock MUX Protection                                                       ; On                 ; On                 ;
; Auto Gated Clock Conversion                                                ; Off                ; Off                ;
; Block Design Naming                                                        ; Auto               ; Auto               ;
; SDC constraint protection                                                  ; Off                ; Off                ;
; Synthesis Effort                                                           ; Auto               ; Auto               ;
; Shift Register Replacement - Allow Asynchronous Clear Signal               ; On                 ; On                 ;
; Pre-Mapping Resynthesis Optimization                                       ; Off                ; Off                ;
; Analysis & Synthesis Message Level                                         ; Medium             ; Medium             ;
; Disable Register Merging Across Hierarchies                                ; Auto               ; Auto               ;
; Resource Aware Inference For Block RAM                                     ; On                 ; On                 ;
; Synthesis Seed                                                             ; 1                  ; 1                  ;
+----------------------------------------------------------------------------+--------------------+--------------------+


+------------------------------------------+
; Parallel Compilation                     ;
+----------------------------+-------------+
; Processors                 ; Number      ;
+----------------------------+-------------+
; Number detected on machine ; 4           ;
; Maximum allowed            ; 2           ;
;                            ;             ;
; Average used               ; 1.00        ;
; Maximum used               ; 1           ;
;                            ;             ;
; Usage by Processor         ; % Time Used ;
;     Processor 1            ; 100.0%      ;
;     Processors 2-4         ;   0.0%      ;
+----------------------------+-------------+


+-------------------------------------------------------------------------------------------------------------------------------------------------------------------------------------+
; Analysis & Synthesis Source Files Read                                                                                                                                              ;
+---------------------------------------------------+-----------------+------------------------+----------------------------------------------------------------------------+---------+
; File Name with User-Entered Path                  ; Used in Netlist ; File Type              ; File Name with Absolute Path                                               ; Library ;
+---------------------------------------------------+-----------------+------------------------+----------------------------------------------------------------------------+---------+
; nios/synthesis/submodules/nios_nios2_test_bench.v ; yes             ; User Verilog HDL File  ; C:/Projects/SD/Problem_1/nios/synthesis/submodules/nios_nios2_test_bench.v ; nios    ;
; lcd_initializer.v                                 ; yes             ; User Verilog HDL File  ; C:/Projects/SD/Problem_1/lcd_initializer.v                                 ;         ;
+---------------------------------------------------+-----------------+------------------------+----------------------------------------------------------------------------+---------+


+-----------------------------------------------------+
; Analysis & Synthesis Resource Usage Summary         ;
+---------------------------------------------+-------+
; Resource                                    ; Usage ;
+---------------------------------------------+-------+
;                                             ;       ;
; Total combinational functions               ; 0     ;
; Logic element usage by number of LUT inputs ;       ;
;     -- 4 input functions                    ; 0     ;
;     -- 3 input functions                    ; 0     ;
;     -- <=2 input functions                  ; 0     ;
;                                             ;       ;
; Logic elements by mode                      ;       ;
;     -- normal mode                          ; 0     ;
;     -- arithmetic mode                      ; 0     ;
;                                             ;       ;
; Total registers                             ; 0     ;
;     -- Dedicated logic registers            ; 0     ;
;     -- I/O registers                        ; 0     ;
;                                             ;       ;
; I/O pins                                    ; 36    ;
; Embedded Multiplier 9-bit elements          ; 0     ;
; Maximum fan-out node                        ; clk   ;
; Maximum fan-out                             ; 1     ;
; Total fan-out                               ; 36    ;
; Average fan-out                             ; 0.50  ;
+---------------------------------------------+-------+


+-----------------------------------------------------------------------------------------------------------------------------------------------------------------------------+
; Analysis & Synthesis Resource Utilization by Entity                                                                                                                         ;
+----------------------------+-------------------+--------------+-------------+--------------+---------+-----------+------+--------------+---------------------+--------------+
; Compilation Hierarchy Node ; LC Combinationals ; LC Registers ; Memory Bits ; DSP Elements ; DSP 9x9 ; DSP 18x18 ; Pins ; Virtual Pins ; Full Hierarchy Name ; Library Name ;
+----------------------------+-------------------+--------------+-------------+--------------+---------+-----------+------+--------------+---------------------+--------------+
; |lcd_initializer           ; 0 (0)             ; 0 (0)        ; 0           ; 0            ; 0       ; 0         ; 36   ; 0            ; |lcd_initializer    ; work         ;
+----------------------------+-------------------+--------------+-------------+--------------+---------+-----------+------+--------------+---------------------+--------------+
Note: For table entries with two numbers listed, the numbers in parentheses indicate the number of resources of the given type used by the specific entity alone. The numbers listed outside of parentheses indicate the total resources of the given type used by the specific entity and all of its sub-entities in the hierarchy.


+------------------------------------------------------+
; General Register Statistics                          ;
+----------------------------------------------+-------+
; Statistic                                    ; Value ;
+----------------------------------------------+-------+
; Total registers                              ; 0     ;
; Number of registers using Synchronous Clear  ; 0     ;
; Number of registers using Synchronous Load   ; 0     ;
; Number of registers using Asynchronous Clear ; 0     ;
; Number of registers using Asynchronous Load  ; 0     ;
; Number of registers using Clock Enable       ; 0     ;
; Number of registers using Preset             ; 0     ;
+----------------------------------------------+-------+


+-------------------------------+
; Elapsed Time Per Partition    ;
+----------------+--------------+
; Partition Name ; Elapsed Time ;
+----------------+--------------+
; Top            ; 00:00:00     ;
+----------------+--------------+


+-------------------------------+
; Analysis & Synthesis Messages ;
+-------------------------------+
Info: *******************************************************************
Info: Running Quartus II 64-Bit Analysis & Synthesis
    Info: Version 13.1.0 Build 162 10/23/2013 SJ Web Edition
    Info: Processing started: Wed Sep 19 19:32:41 2018
Info: Command: quartus_map --read_settings_files=on --write_settings_files=off problem_1 -c problem_1
Info (11104): Parallel Compilation has detected 4 hyper-threaded processors. However, the extra hyper-threaded processors will not be used by default. Parallel Compilation will use 2 of the 2 physical processors detected instead.
Info (12021): Found 1 design units, including 1 entities, in source file nios/synthesis/nios.v
    Info (12023): Found entity 1: nios
Info (12021): Found 1 design units, including 1 entities, in source file nios/synthesis/submodules/altera_reset_controller.v
    Info (12023): Found entity 1: altera_reset_controller
Info (12021): Found 1 design units, including 1 entities, in source file nios/synthesis/submodules/altera_reset_synchronizer.v
    Info (12023): Found entity 1: altera_reset_synchronizer
Info (12021): Found 1 design units, including 1 entities, in source file nios/synthesis/submodules/nios_irq_mapper.sv
    Info (12023): Found entity 1: nios_irq_mapper
Info (12021): Found 1 design units, including 1 entities, in source file nios/synthesis/submodules/nios_mm_interconnect_0.v
    Info (12023): Found entity 1: nios_mm_interconnect_0
Info (12021): Found 2 design units, including 2 entities, in source file nios/synthesis/submodules/altera_merlin_arbitrator.sv
    Info (12023): Found entity 1: altera_merlin_arbitrator
    Info (12023): Found entity 2: altera_merlin_arb_adder
Info (12021): Found 1 design units, including 1 entities, in source file nios/synthesis/submodules/nios_mm_interconnect_0_rsp_xbar_mux_001.sv
    Info (12023): Found entity 1: nios_mm_interconnect_0_rsp_xbar_mux_001
Info (12021): Found 1 design units, including 1 entities, in source file nios/synthesis/submodules/nios_mm_interconnect_0_rsp_xbar_mux.sv
    Info (12023): Found entity 1: nios_mm_interconnect_0_rsp_xbar_mux
Info (12021): Found 1 design units, including 1 entities, in source file nios/synthesis/submodules/nios_mm_interconnect_0_rsp_xbar_demux_002.sv
    Info (12023): Found entity 1: nios_mm_interconnect_0_rsp_xbar_demux_002
Info (12021): Found 1 design units, including 1 entities, in source file nios/synthesis/submodules/nios_mm_interconnect_0_rsp_xbar_demux.sv
    Info (12023): Found entity 1: nios_mm_interconnect_0_rsp_xbar_demux
Info (12021): Found 1 design units, including 1 entities, in source file nios/synthesis/submodules/nios_mm_interconnect_0_cmd_xbar_mux_002.sv
    Info (12023): Found entity 1: nios_mm_interconnect_0_cmd_xbar_mux_002
Info (12021): Found 1 design units, including 1 entities, in source file nios/synthesis/submodules/nios_mm_interconnect_0_cmd_xbar_mux.sv
    Info (12023): Found entity 1: nios_mm_interconnect_0_cmd_xbar_mux
Info (12021): Found 1 design units, including 1 entities, in source file nios/synthesis/submodules/nios_mm_interconnect_0_cmd_xbar_demux_001.sv
    Info (12023): Found entity 1: nios_mm_interconnect_0_cmd_xbar_demux_001
Info (12021): Found 1 design units, including 1 entities, in source file nios/synthesis/submodules/nios_mm_interconnect_0_cmd_xbar_demux.sv
    Info (12023): Found entity 1: nios_mm_interconnect_0_cmd_xbar_demux
Info (12021): Found 1 design units, including 1 entities, in source file nios/synthesis/submodules/altera_merlin_traffic_limiter.sv
    Info (12023): Found entity 1: altera_merlin_traffic_limiter
Info (12021): Found 2 design units, including 2 entities, in source file nios/synthesis/submodules/altera_merlin_reorder_memory.sv
    Info (12023): Found entity 1: altera_merlin_reorder_memory
    Info (12023): Found entity 2: memory_pointer_controller
Info (12021): Found 1 design units, including 1 entities, in source file nios/synthesis/submodules/altera_avalon_sc_fifo.v
    Info (12023): Found entity 1: altera_avalon_sc_fifo
Info (12021): Found 1 design units, including 1 entities, in source file nios/synthesis/submodules/altera_avalon_st_pipeline_base.v
    Info (12023): Found entity 1: altera_avalon_st_pipeline_base
Info (12021): Found 2 design units, including 2 entities, in source file nios/synthesis/submodules/nios_mm_interconnect_0_id_router_002.sv
    Info (12023): Found entity 1: nios_mm_interconnect_0_id_router_002_default_decode
    Info (12023): Found entity 2: nios_mm_interconnect_0_id_router_002
Info (12021): Found 2 design units, including 2 entities, in source file nios/synthesis/submodules/nios_mm_interconnect_0_id_router.sv
    Info (12023): Found entity 1: nios_mm_interconnect_0_id_router_default_decode
    Info (12023): Found entity 2: nios_mm_interconnect_0_id_router
Info (12021): Found 2 design units, including 2 entities, in source file nios/synthesis/submodules/nios_mm_interconnect_0_addr_router_001.sv
    Info (12023): Found entity 1: nios_mm_interconnect_0_addr_router_001_default_decode
    Info (12023): Found entity 2: nios_mm_interconnect_0_addr_router_001
Info (12021): Found 2 design units, including 2 entities, in source file nios/synthesis/submodules/nios_mm_interconnect_0_addr_router.sv
    Info (12023): Found entity 1: nios_mm_interconnect_0_addr_router_default_decode
    Info (12023): Found entity 2: nios_mm_interconnect_0_addr_router
Info (12021): Found 1 design units, including 1 entities, in source file nios/synthesis/submodules/altera_merlin_slave_agent.sv
    Info (12023): Found entity 1: altera_merlin_slave_agent
Info (12021): Found 1 design units, including 1 entities, in source file nios/synthesis/submodules/altera_merlin_burst_uncompressor.sv
    Info (12023): Found entity 1: altera_merlin_burst_uncompressor
Info (12021): Found 1 design units, including 1 entities, in source file nios/synthesis/submodules/altera_merlin_master_agent.sv
    Info (12023): Found entity 1: altera_merlin_master_agent
Info (12021): Found 1 design units, including 1 entities, in source file nios/synthesis/submodules/altera_merlin_slave_translator.sv
    Info (12023): Found entity 1: altera_merlin_slave_translator
Info (12021): Found 1 design units, including 1 entities, in source file nios/synthesis/submodules/altera_merlin_master_translator.sv
    Info (12023): Found entity 1: altera_merlin_master_translator
Info (12021): Found 5 design units, including 5 entities, in source file nios/synthesis/submodules/nios_jtag.v
    Info (12023): Found entity 1: nios_jtag_sim_scfifo_w
    Info (12023): Found entity 2: nios_jtag_scfifo_w
    Info (12023): Found entity 3: nios_jtag_sim_scfifo_r
    Info (12023): Found entity 4: nios_jtag_scfifo_r
    Info (12023): Found entity 5: nios_jtag
Info (12021): Found 1 design units, including 1 entities, in source file nios/synthesis/submodules/nios_leds.v
    Info (12023): Found entity 1: nios_leds
Info (12021): Found 1 design units, including 1 entities, in source file nios/synthesis/submodules/nios_buttons.v
    Info (12023): Found entity 1: nios_buttons
Info (12021): Found 1 design units, including 1 entities, in source file nios/synthesis/submodules/nios_memory.v
    Info (12023): Found entity 1: nios_memory
Info (12021): Found 27 design units, including 27 entities, in source file nios/synthesis/submodules/nios_nios2.v
    Info (12023): Found entity 1: nios_nios2_ic_data_module
    Info (12023): Found entity 2: nios_nios2_ic_tag_module
    Info (12023): Found entity 3: nios_nios2_bht_module
    Info (12023): Found entity 4: nios_nios2_register_bank_a_module
    Info (12023): Found entity 5: nios_nios2_register_bank_b_module
    Info (12023): Found entity 6: nios_nios2_dc_tag_module
    Info (12023): Found entity 7: nios_nios2_dc_data_module
    Info (12023): Found entity 8: nios_nios2_dc_victim_module
    Info (12023): Found entity 9: nios_nios2_nios2_oci_debug
    Info (12023): Found entity 10: nios_nios2_ociram_sp_ram_module
    Info (12023): Found entity 11: nios_nios2_nios2_ocimem
    Info (12023): Found entity 12: nios_nios2_nios2_avalon_reg
    Info (12023): Found entity 13: nios_nios2_nios2_oci_break
    Info (12023): Found entity 14: nios_nios2_nios2_oci_xbrk
    Info (12023): Found entity 15: nios_nios2_nios2_oci_dbrk
    Info (12023): Found entity 16: nios_nios2_nios2_oci_itrace
    Info (12023): Found entity 17: nios_nios2_nios2_oci_td_mode
    Info (12023): Found entity 18: nios_nios2_nios2_oci_dtrace
    Info (12023): Found entity 19: nios_nios2_nios2_oci_compute_input_tm_cnt
    Info (12023): Found entity 20: nios_nios2_nios2_oci_fifo_wrptr_inc
    Info (12023): Found entity 21: nios_nios2_nios2_oci_fifo_cnt_inc
    Info (12023): Found entity 22: nios_nios2_nios2_oci_fifo
    Info (12023): Found entity 23: nios_nios2_nios2_oci_pib
    Info (12023): Found entity 24: nios_nios2_nios2_oci_im
    Info (12023): Found entity 25: nios_nios2_nios2_performance_monitors
    Info (12023): Found entity 26: nios_nios2_nios2_oci
    Info (12023): Found entity 27: nios_nios2
Info (12021): Found 1 design units, including 1 entities, in source file nios/synthesis/submodules/nios_nios2_jtag_debug_module_sysclk.v
    Info (12023): Found entity 1: nios_nios2_jtag_debug_module_sysclk
Info (12021): Found 1 design units, including 1 entities, in source file nios/synthesis/submodules/nios_nios2_jtag_debug_module_tck.v
    Info (12023): Found entity 1: nios_nios2_jtag_debug_module_tck
Info (12021): Found 1 design units, including 1 entities, in source file nios/synthesis/submodules/nios_nios2_jtag_debug_module_wrapper.v
    Info (12023): Found entity 1: nios_nios2_jtag_debug_module_wrapper
Info (12021): Found 1 design units, including 1 entities, in source file nios/synthesis/submodules/nios_nios2_mult_cell.v
    Info (12023): Found entity 1: nios_nios2_mult_cell
Info (12021): Found 1 design units, including 1 entities, in source file nios/synthesis/submodules/nios_nios2_oci_test_bench.v
    Info (12023): Found entity 1: nios_nios2_oci_test_bench
Info (12021): Found 1 design units, including 1 entities, in source file nios/synthesis/submodules/nios_nios2_test_bench.v
    Info (12023): Found entity 1: nios_nios2_test_bench
Info (12021): Found 1 design units, including 1 entities, in source file lcd_initializer.v
    Info (12023): Found entity 1: lcd_initializer
Warning (10037): Verilog HDL or VHDL warning at nios_nios2.v(2120): conditional expression evaluates to a constant
Warning (10037): Verilog HDL or VHDL warning at nios_nios2.v(2122): conditional expression evaluates to a constant
Warning (10037): Verilog HDL or VHDL warning at nios_nios2.v(2278): conditional expression evaluates to a constant
Warning (10037): Verilog HDL or VHDL warning at nios_nios2.v(3102): conditional expression evaluates to a constant
Info (12127): Elaborating entity "lcd_initializer" for the top level hierarchy
Warning (10034): Output port "done" at lcd_initializer.v(15) has no driver
Warning (12189): OpenCore Simulation-Only Evaluation feature is turned on for all cores in the design
    Warning (12191): Some cores in this design do not support the OpenCore Plus Hardware Evaluation feature
        Warning (12192): "Nios II Processor (6AF7_00A2)" does not support the OpenCore Plus Hardware Evaluation feature
Warning (13024): Output pins are stuck at VCC or GND
    Warning (13410): Pin "done" is stuck at GND
    Warning (13410): Pin "result[0]" is stuck at VCC
    Warning (13410): Pin "result[1]" is stuck at GND
    Warning (13410): Pin "result[2]" is stuck at GND
    Warning (13410): Pin "result[3]" is stuck at GND
    Warning (13410): Pin "result[4]" is stuck at VCC
    Warning (13410): Pin "result[5]" is stuck at GND
    Warning (13410): Pin "result[6]" is stuck at GND
    Warning (13410): Pin "result[7]" is stuck at GND
    Warning (13410): Pin "result[8]" is stuck at VCC
    Warning (13410): Pin "result[9]" is stuck at VCC
    Warning (13410): Pin "result[10]" is stuck at VCC
    Warning (13410): Pin "result[11]" is stuck at GND
    Warning (13410): Pin "result[12]" is stuck at GND
    Warning (13410): Pin "result[13]" is stuck at VCC
    Warning (13410): Pin "result[14]" is stuck at GND
    Warning (13410): Pin "result[15]" is stuck at GND
    Warning (13410): Pin "result[16]" is stuck at GND
    Warning (13410): Pin "result[17]" is stuck at GND
    Warning (13410): Pin "result[18]" is stuck at GND
    Warning (13410): Pin "result[19]" is stuck at GND
    Warning (13410): Pin "result[20]" is stuck at GND
    Warning (13410): Pin "result[21]" is stuck at GND
    Warning (13410): Pin "result[22]" is stuck at GND
    Warning (13410): Pin "result[23]" is stuck at GND
    Warning (13410): Pin "result[24]" is stuck at GND
    Warning (13410): Pin "result[25]" is stuck at GND
    Warning (13410): Pin "result[26]" is stuck at GND
    Warning (13410): Pin "result[27]" is stuck at GND
    Warning (13410): Pin "result[28]" is stuck at GND
    Warning (13410): Pin "result[29]" is stuck at GND
    Warning (13410): Pin "result[30]" is stuck at GND
    Warning (13410): Pin "result[31]" is stuck at GND
Warning (20013): Ignored assignments for entity "altera_avalon_sc_fifo" -- entity does not exist in design
    Warning (20014): Assignment for entity set_global_assignment -name IP_TOOL_NAME altera_avalon_sc_fifo -entity altera_avalon_sc_fifo -qip nios/synthesis/nios.qip -library nios was ignored
    Warning (20014): Assignment for entity set_global_assignment -name IP_TOOL_VERSION 13.1 -entity altera_avalon_sc_fifo -qip nios/synthesis/nios.qip -library nios was ignored
    Warning (20014): Assignment for entity set_global_assignment -name IP_TOOL_ENV Qsys -entity altera_avalon_sc_fifo -qip nios/synthesis/nios.qip -library nios was ignored
Warning (20013): Ignored assignments for entity "altera_merlin_master_agent" -- entity does not exist in design
    Warning (20014): Assignment for entity set_global_assignment -name IP_TOOL_NAME altera_merlin_master_agent -entity altera_merlin_master_agent -qip nios/synthesis/nios.qip -library nios was ignored
    Warning (20014): Assignment for entity set_global_assignment -name IP_TOOL_VERSION 13.1 -entity altera_merlin_master_agent -qip nios/synthesis/nios.qip -library nios was ignored
    Warning (20014): Assignment for entity set_global_assignment -name IP_TOOL_ENV Qsys -entity altera_merlin_master_agent -qip nios/synthesis/nios.qip -library nios was ignored
Warning (20013): Ignored assignments for entity "altera_merlin_master_translator" -- entity does not exist in design
    Warning (20014): Assignment for entity set_global_assignment -name IP_TOOL_NAME altera_merlin_master_translator -entity altera_merlin_master_translator -qip nios/synthesis/nios.qip -library nios was ignored
    Warning (20014): Assignment for entity set_global_assignment -name IP_TOOL_VERSION 13.1 -entity altera_merlin_master_translator -qip nios/synthesis/nios.qip -library nios was ignored
    Warning (20014): Assignment for entity set_global_assignment -name IP_TOOL_ENV Qsys -entity altera_merlin_master_translator -qip nios/synthesis/nios.qip -library nios was ignored
Warning (20013): Ignored assignments for entity "altera_merlin_slave_agent" -- entity does not exist in design
    Warning (20014): Assignment for entity set_global_assignment -name IP_TOOL_NAME altera_merlin_slave_agent -entity altera_merlin_slave_agent -qip nios/synthesis/nios.qip -library nios was ignored
    Warning (20014): Assignment for entity set_global_assignment -name IP_TOOL_VERSION 13.1 -entity altera_merlin_slave_agent -qip nios/synthesis/nios.qip -library nios was ignored
    Warning (20014): Assignment for entity set_global_assignment -name IP_TOOL_ENV Qsys -entity altera_merlin_slave_agent -qip nios/synthesis/nios.qip -library nios was ignored
Warning (20013): Ignored assignments for entity "altera_merlin_slave_translator" -- entity does not exist in design
    Warning (20014): Assignment for entity set_global_assignment -name IP_TOOL_NAME altera_merlin_slave_translator -entity altera_merlin_slave_translator -qip nios/synthesis/nios.qip -library nios was ignored
    Warning (20014): Assignment for entity set_global_assignment -name IP_TOOL_VERSION 13.1 -entity altera_merlin_slave_translator -qip nios/synthesis/nios.qip -library nios was ignored
    Warning (20014): Assignment for entity set_global_assignment -name IP_TOOL_ENV Qsys -entity altera_merlin_slave_translator -qip nios/synthesis/nios.qip -library nios was ignored
Warning (20013): Ignored assignments for entity "altera_merlin_traffic_limiter" -- entity does not exist in design
    Warning (20014): Assignment for entity set_global_assignment -name IP_TOOL_NAME altera_merlin_traffic_limiter -entity altera_merlin_traffic_limiter -qip nios/synthesis/nios.qip -library nios was ignored
    Warning (20014): Assignment for entity set_global_assignment -name IP_TOOL_VERSION 13.1 -entity altera_merlin_traffic_limiter -qip nios/synthesis/nios.qip -library nios was ignored
    Warning (20014): Assignment for entity set_global_assignment -name IP_TOOL_ENV Qsys -entity altera_merlin_traffic_limiter -qip nios/synthesis/nios.qip -library nios was ignored
Warning (20013): Ignored assignments for entity "altera_reset_controller" -- entity does not exist in design
    Warning (20014): Assignment for entity set_global_assignment -name IP_TOOL_NAME altera_reset_controller -entity altera_reset_controller -qip nios/synthesis/nios.qip -library nios was ignored
    Warning (20014): Assignment for entity set_global_assignment -name IP_TOOL_VERSION 13.1 -entity altera_reset_controller -qip nios/synthesis/nios.qip -library nios was ignored
    Warning (20014): Assignment for entity set_global_assignment -name IP_TOOL_ENV Qsys -entity altera_reset_controller -qip nios/synthesis/nios.qip -library nios was ignored
Warning (20013): Ignored assignments for entity "nios" -- entity does not exist in design
    Warning (20014): Assignment for entity set_global_assignment -name IP_TOOL_NAME Qsys -entity nios -qip nios/synthesis/nios.qip -library nios was ignored
    Warning (20014): Assignment for entity set_global_assignment -name IP_TOOL_VERSION 13.1 -entity nios -qip nios/synthesis/nios.qip -library nios was ignored
    Warning (20014): Assignment for entity set_global_assignment -name IP_TOOL_ENV Qsys -entity nios -qip nios/synthesis/nios.qip -library nios was ignored
    Warning (20014): Assignment for entity set_global_assignment -name SLD_INFO "QSYS_NAME nios HAS_SOPCINFO 1 GENERATION_ID 1537395852" -entity nios -qip nios/synthesis/nios.qip -library nios was ignored
Warning (20013): Ignored assignments for entity "nios_buttons" -- entity does not exist in design
    Warning (20014): Assignment for entity set_global_assignment -name IP_TOOL_NAME altera_avalon_pio -entity nios_buttons -qip nios/synthesis/nios.qip -library nios was ignored
    Warning (20014): Assignment for entity set_global_assignment -name IP_TOOL_VERSION 13.1 -entity nios_buttons -qip nios/synthesis/nios.qip -library nios was ignored
    Warning (20014): Assignment for entity set_global_assignment -name IP_TOOL_ENV Qsys -entity nios_buttons -qip nios/synthesis/nios.qip -library nios was ignored
Warning (20013): Ignored assignments for entity "nios_irq_mapper" -- entity does not exist in design
    Warning (20014): Assignment for entity set_global_assignment -name IP_TOOL_NAME altera_irq_mapper -entity nios_irq_mapper -qip nios/synthesis/nios.qip -library nios was ignored
    Warning (20014): Assignment for entity set_global_assignment -name IP_TOOL_VERSION 13.1 -entity nios_irq_mapper -qip nios/synthesis/nios.qip -library nios was ignored
    Warning (20014): Assignment for entity set_global_assignment -name IP_TOOL_ENV Qsys -entity nios_irq_mapper -qip nios/synthesis/nios.qip -library nios was ignored
Warning (20013): Ignored assignments for entity "nios_jtag" -- entity does not exist in design
    Warning (20014): Assignment for entity set_global_assignment -name IP_TOOL_NAME altera_avalon_jtag_uart -entity nios_jtag -qip nios/synthesis/nios.qip -library nios was ignored
    Warning (20014): Assignment for entity set_global_assignment -name IP_TOOL_VERSION 13.1 -entity nios_jtag -qip nios/synthesis/nios.qip -library nios was ignored
    Warning (20014): Assignment for entity set_global_assignment -name IP_TOOL_ENV Qsys -entity nios_jtag -qip nios/synthesis/nios.qip -library nios was ignored
Warning (20013): Ignored assignments for entity "nios_leds" -- entity does not exist in design
    Warning (20014): Assignment for entity set_global_assignment -name IP_TOOL_NAME altera_avalon_pio -entity nios_leds -qip nios/synthesis/nios.qip -library nios was ignored
    Warning (20014): Assignment for entity set_global_assignment -name IP_TOOL_VERSION 13.1 -entity nios_leds -qip nios/synthesis/nios.qip -library nios was ignored
    Warning (20014): Assignment for entity set_global_assignment -name IP_TOOL_ENV Qsys -entity nios_leds -qip nios/synthesis/nios.qip -library nios was ignored
Warning (20013): Ignored assignments for entity "nios_memory" -- entity does not exist in design
    Warning (20014): Assignment for entity set_global_assignment -name IP_TOOL_NAME altera_avalon_onchip_memory2 -entity nios_memory -qip nios/synthesis/nios.qip -library nios was ignored
    Warning (20014): Assignment for entity set_global_assignment -name IP_TOOL_VERSION 13.1 -entity nios_memory -qip nios/synthesis/nios.qip -library nios was ignored
    Warning (20014): Assignment for entity set_global_assignment -name IP_TOOL_ENV Qsys -entity nios_memory -qip nios/synthesis/nios.qip -library nios was ignored
Warning (20013): Ignored assignments for entity "nios_mm_interconnect_0" -- entity does not exist in design
    Warning (20014): Assignment for entity set_global_assignment -name IP_TOOL_NAME altera_merlin_interconnect_wrapper -entity nios_mm_interconnect_0 -qip nios/synthesis/nios.qip -library nios was ignored
    Warning (20014): Assignment for entity set_global_assignment -name IP_TOOL_VERSION 13.1 -entity nios_mm_interconnect_0 -qip nios/synthesis/nios.qip -library nios was ignored
    Warning (20014): Assignment for entity set_global_assignment -name IP_TOOL_ENV Qsys -entity nios_mm_interconnect_0 -qip nios/synthesis/nios.qip -library nios was ignored
Warning (20013): Ignored assignments for entity "nios_mm_interconnect_0_addr_router" -- entity does not exist in design
    Warning (20014): Assignment for entity set_global_assignment -name IP_TOOL_NAME altera_merlin_router -entity nios_mm_interconnect_0_addr_router -qip nios/synthesis/nios.qip -library nios was ignored
    Warning (20014): Assignment for entity set_global_assignment -name IP_TOOL_VERSION 13.1 -entity nios_mm_interconnect_0_addr_router -qip nios/synthesis/nios.qip -library nios was ignored
    Warning (20014): Assignment for entity set_global_assignment -name IP_TOOL_ENV Qsys -entity nios_mm_interconnect_0_addr_router -qip nios/synthesis/nios.qip -library nios was ignored
Warning (20013): Ignored assignments for entity "nios_mm_interconnect_0_addr_router_001" -- entity does not exist in design
    Warning (20014): Assignment for entity set_global_assignment -name IP_TOOL_NAME altera_merlin_router -entity nios_mm_interconnect_0_addr_router_001 -qip nios/synthesis/nios.qip -library nios was ignored
    Warning (20014): Assignment for entity set_global_assignment -name IP_TOOL_VERSION 13.1 -entity nios_mm_interconnect_0_addr_router_001 -qip nios/synthesis/nios.qip -library nios was ignored
    Warning (20014): Assignment for entity set_global_assignment -name IP_TOOL_ENV Qsys -entity nios_mm_interconnect_0_addr_router_001 -qip nios/synthesis/nios.qip -library nios was ignored
Warning (20013): Ignored assignments for entity "nios_mm_interconnect_0_cmd_xbar_demux" -- entity does not exist in design
    Warning (20014): Assignment for entity set_global_assignment -name IP_TOOL_NAME altera_merlin_demultiplexer -entity nios_mm_interconnect_0_cmd_xbar_demux -qip nios/synthesis/nios.qip -library nios was ignored
    Warning (20014): Assignment for entity set_global_assignment -name IP_TOOL_VERSION 13.1 -entity nios_mm_interconnect_0_cmd_xbar_demux -qip nios/synthesis/nios.qip -library nios was ignored
    Warning (20014): Assignment for entity set_global_assignment -name IP_TOOL_ENV Qsys -entity nios_mm_interconnect_0_cmd_xbar_demux -qip nios/synthesis/nios.qip -library nios was ignored
Warning (20013): Ignored assignments for entity "nios_mm_interconnect_0_cmd_xbar_demux_001" -- entity does not exist in design
    Warning (20014): Assignment for entity set_global_assignment -name IP_TOOL_NAME altera_merlin_demultiplexer -entity nios_mm_interconnect_0_cmd_xbar_demux_001 -qip nios/synthesis/nios.qip -library nios was ignored
    Warning (20014): Assignment for entity set_global_assignment -name IP_TOOL_VERSION 13.1 -entity nios_mm_interconnect_0_cmd_xbar_demux_001 -qip nios/synthesis/nios.qip -library nios was ignored
    Warning (20014): Assignment for entity set_global_assignment -name IP_TOOL_ENV Qsys -entity nios_mm_interconnect_0_cmd_xbar_demux_001 -qip nios/synthesis/nios.qip -library nios was ignored
Warning (20013): Ignored assignments for entity "nios_mm_interconnect_0_cmd_xbar_mux" -- entity does not exist in design
    Warning (20014): Assignment for entity set_global_assignment -name IP_TOOL_NAME altera_merlin_multiplexer -entity nios_mm_interconnect_0_cmd_xbar_mux -qip nios/synthesis/nios.qip -library nios was ignored
    Warning (20014): Assignment for entity set_global_assignment -name IP_TOOL_VERSION 13.1 -entity nios_mm_interconnect_0_cmd_xbar_mux -qip nios/synthesis/nios.qip -library nios was ignored
    Warning (20014): Assignment for entity set_global_assignment -name IP_TOOL_ENV Qsys -entity nios_mm_interconnect_0_cmd_xbar_mux -qip nios/synthesis/nios.qip -library nios was ignored
Warning (20013): Ignored assignments for entity "nios_mm_interconnect_0_cmd_xbar_mux_002" -- entity does not exist in design
    Warning (20014): Assignment for entity set_global_assignment -name IP_TOOL_NAME altera_merlin_multiplexer -entity nios_mm_interconnect_0_cmd_xbar_mux_002 -qip nios/synthesis/nios.qip -library nios was ignored
    Warning (20014): Assignment for entity set_global_assignment -name IP_TOOL_VERSION 13.1 -entity nios_mm_interconnect_0_cmd_xbar_mux_002 -qip nios/synthesis/nios.qip -library nios was ignored
    Warning (20014): Assignment for entity set_global_assignment -name IP_TOOL_ENV Qsys -entity nios_mm_interconnect_0_cmd_xbar_mux_002 -qip nios/synthesis/nios.qip -library nios was ignored
Warning (20013): Ignored assignments for entity "nios_mm_interconnect_0_id_router" -- entity does not exist in design
    Warning (20014): Assignment for entity set_global_assignment -name IP_TOOL_NAME altera_merlin_router -entity nios_mm_interconnect_0_id_router -qip nios/synthesis/nios.qip -library nios was ignored
    Warning (20014): Assignment for entity set_global_assignment -name IP_TOOL_VERSION 13.1 -entity nios_mm_interconnect_0_id_router -qip nios/synthesis/nios.qip -library nios was ignored
    Warning (20014): Assignment for entity set_global_assignment -name IP_TOOL_ENV Qsys -entity nios_mm_interconnect_0_id_router -qip nios/synthesis/nios.qip -library nios was ignored
Warning (20013): Ignored assignments for entity "nios_mm_interconnect_0_id_router_002" -- entity does not exist in design
    Warning (20014): Assignment for entity set_global_assignment -name IP_TOOL_NAME altera_merlin_router -entity nios_mm_interconnect_0_id_router_002 -qip nios/synthesis/nios.qip -library nios was ignored
    Warning (20014): Assignment for entity set_global_assignment -name IP_TOOL_VERSION 13.1 -entity nios_mm_interconnect_0_id_router_002 -qip nios/synthesis/nios.qip -library nios was ignored
    Warning (20014): Assignment for entity set_global_assignment -name IP_TOOL_ENV Qsys -entity nios_mm_interconnect_0_id_router_002 -qip nios/synthesis/nios.qip -library nios was ignored
Warning (20013): Ignored assignments for entity "nios_mm_interconnect_0_rsp_xbar_demux" -- entity does not exist in design
    Warning (20014): Assignment for entity set_global_assignment -name IP_TOOL_NAME altera_merlin_demultiplexer -entity nios_mm_interconnect_0_rsp_xbar_demux -qip nios/synthesis/nios.qip -library nios was ignored
    Warning (20014): Assignment for entity set_global_assignment -name IP_TOOL_VERSION 13.1 -entity nios_mm_interconnect_0_rsp_xbar_demux -qip nios/synthesis/nios.qip -library nios was ignored
    Warning (20014): Assignment for entity set_global_assignment -name IP_TOOL_ENV Qsys -entity nios_mm_interconnect_0_rsp_xbar_demux -qip nios/synthesis/nios.qip -library nios was ignored
Warning (20013): Ignored assignments for entity "nios_mm_interconnect_0_rsp_xbar_demux_002" -- entity does not exist in design
    Warning (20014): Assignment for entity set_global_assignment -name IP_TOOL_NAME altera_merlin_demultiplexer -entity nios_mm_interconnect_0_rsp_xbar_demux_002 -qip nios/synthesis/nios.qip -library nios was ignored
    Warning (20014): Assignment for entity set_global_assignment -name IP_TOOL_VERSION 13.1 -entity nios_mm_interconnect_0_rsp_xbar_demux_002 -qip nios/synthesis/nios.qip -library nios was ignored
    Warning (20014): Assignment for entity set_global_assignment -name IP_TOOL_ENV Qsys -entity nios_mm_interconnect_0_rsp_xbar_demux_002 -qip nios/synthesis/nios.qip -library nios was ignored
Warning (20013): Ignored assignments for entity "nios_mm_interconnect_0_rsp_xbar_mux" -- entity does not exist in design
    Warning (20014): Assignment for entity set_global_assignment -name IP_TOOL_NAME altera_merlin_multiplexer -entity nios_mm_interconnect_0_rsp_xbar_mux -qip nios/synthesis/nios.qip -library nios was ignored
    Warning (20014): Assignment for entity set_global_assignment -name IP_TOOL_VERSION 13.1 -entity nios_mm_interconnect_0_rsp_xbar_mux -qip nios/synthesis/nios.qip -library nios was ignored
    Warning (20014): Assignment for entity set_global_assignment -name IP_TOOL_ENV Qsys -entity nios_mm_interconnect_0_rsp_xbar_mux -qip nios/synthesis/nios.qip -library nios was ignored
Warning (20013): Ignored assignments for entity "nios_mm_interconnect_0_rsp_xbar_mux_001" -- entity does not exist in design
    Warning (20014): Assignment for entity set_global_assignment -name IP_TOOL_NAME altera_merlin_multiplexer -entity nios_mm_interconnect_0_rsp_xbar_mux_001 -qip nios/synthesis/nios.qip -library nios was ignored
    Warning (20014): Assignment for entity set_global_assignment -name IP_TOOL_VERSION 13.1 -entity nios_mm_interconnect_0_rsp_xbar_mux_001 -qip nios/synthesis/nios.qip -library nios was ignored
    Warning (20014): Assignment for entity set_global_assignment -name IP_TOOL_ENV Qsys -entity nios_mm_interconnect_0_rsp_xbar_mux_001 -qip nios/synthesis/nios.qip -library nios was ignored
Warning (20013): Ignored assignments for entity "nios_nios2" -- entity does not exist in design
    Warning (20014): Assignment for entity set_global_assignment -name IP_TOOL_NAME altera_nios2_qsys -entity nios_nios2 -qip nios/synthesis/nios.qip -library nios was ignored
    Warning (20014): Assignment for entity set_global_assignment -name IP_TOOL_VERSION 13.1 -entity nios_nios2 -qip nios/synthesis/nios.qip -library nios was ignored
    Warning (20014): Assignment for entity set_global_assignment -name IP_TOOL_ENV Qsys -entity nios_nios2 -qip nios/synthesis/nios.qip -library nios was ignored
Info (144001): Generated suppressed messages file C:/Projects/SD/Problem_1/output_files/problem_1.map.smsg
Info (16010): Generating hard_block partition "hard_block:auto_generated_inst"
    Info (16011): Adding 0 node(s), including 0 DDIO, 0 PLL, 0 transceiver and 0 LCELL
Warning (21074): Design contains 3 input pin(s) that do not drive logic
    Warning (15610): No output dependent on input pin "clk"
    Warning (15610): No output dependent on input pin "clk_en"
    Warning (15610): No output dependent on input pin "reset"
Info (21057): Implemented 36 device resources after synthesis - the final resource count might be different
    Info (21058): Implemented 3 input pins
    Info (21059): Implemented 33 output pins
Info: Quartus II 64-Bit Analysis & Synthesis was successful. 0 errors, 155 warnings
    Info: Peak virtual memory: 565 megabytes
    Info: Processing ended: Wed Sep 19 19:32:46 2018
    Info: Elapsed time: 00:00:05
    Info: Total CPU time (on all processors): 00:00:03


+------------------------------------------+
; Analysis & Synthesis Suppressed Messages ;
+------------------------------------------+
The suppressed messages can be found in C:/Projects/SD/Problem_1/output_files/problem_1.map.smsg.


