Info: Starting: Create block symbol file (.bsf)
Info: qsys-generate C:\Projects\SD\Problema_3\processor.qsys --block-symbol-file --output-directory=C:\Projects\SD\Problema_3\processor --family="Cyclone IV E" --part=EP4CE10E22A7
Progress: Loading Problema_3/processor.qsys
Progress: Reading input file
Progress: Adding clk_0 [clock_source 18.1]
Progress: Parameterizing module clk_0
Progress: Adding custom_0 [custom 1.0]
Progress: Parameterizing module custom_0
Progress: Adding memory [altera_avalon_onchip_memory2 18.1]
Progress: Parameterizing module memory
Progress: Adding nios_II [altera_nios2_gen2 18.1]
Progress: Parameterizing module nios_II
Progress: Building connections
Progress: Parameterizing connections
Progress: Validating
Progress: Done reading input file
Info: qsys-generate succeeded.
Info: Finished: Create block symbol file (.bsf)
Info: 
Info: Starting: Create HDL design files for synthesis
Info: qsys-generate C:\Projects\SD\Problema_3\processor.qsys --synthesis=VERILOG --output-directory=C:\Projects\SD\Problema_3\processor\synthesis --family="Cyclone IV E" --part=EP4CE10E22A7
Progress: Loading Problema_3/processor.qsys
Progress: Reading input file
Progress: Adding clk_0 [clock_source 18.1]
Progress: Parameterizing module clk_0
Progress: Adding custom_0 [custom 1.0]
Progress: Parameterizing module custom_0
Progress: Adding memory [altera_avalon_onchip_memory2 18.1]
Progress: Parameterizing module memory
Progress: Adding nios_II [altera_nios2_gen2 18.1]
Progress: Parameterizing module nios_II
Progress: Building connections
Progress: Parameterizing connections
Progress: Validating
Progress: Done reading input file
Info: processor: Generating processor "processor" for QUARTUS_SYNTH
Info: custom_0: "processor" instantiated custom "custom_0"
Info: memory: Starting RTL generation for module 'processor_memory'
Info: memory:   Generation command is [exec C:/intelfpga_lite/18.1/quartus/bin64/perl/bin/perl.exe -I C:/intelfpga_lite/18.1/quartus/bin64/perl/lib -I C:/intelfpga_lite/18.1/quartus/sopc_builder/bin/europa -I C:/intelfpga_lite/18.1/quartus/sopc_builder/bin/perl_lib -I C:/intelfpga_lite/18.1/quartus/sopc_builder/bin -I C:/intelfpga_lite/18.1/quartus/../ip/altera/sopc_builder_ip/common -I C:/intelfpga_lite/18.1/quartus/../ip/altera/sopc_builder_ip/altera_avalon_onchip_memory2 -- C:/intelfpga_lite/18.1/quartus/../ip/altera/sopc_builder_ip/altera_avalon_onchip_memory2/generate_rtl.pl --name=processor_memory --dir=C:/Users/mathe/AppData/Local/Temp/alt7935_1783990877740610246.dir/0004_memory_gen/ --quartus_dir=C:/intelfpga_lite/18.1/quartus --verilog --config=C:/Users/mathe/AppData/Local/Temp/alt7935_1783990877740610246.dir/0004_memory_gen//processor_memory_component_configuration.pl  --do_build_sim=0  ]
Info: memory: Done RTL generation for module 'processor_memory'
Info: memory: "processor" instantiated altera_avalon_onchip_memory2 "memory"
Info: nios_II: "processor" instantiated altera_nios2_gen2 "nios_II"
Info: avalon_st_adapter: Inserting error_adapter: error_adapter_0
Info: avalon_st_adapter_001: Inserting error_adapter: error_adapter_0
Info: mm_interconnect_0: "processor" instantiated altera_mm_interconnect "mm_interconnect_0"
Info: irq_mapper: "processor" instantiated altera_irq_mapper "irq_mapper"
Info: rst_controller: "processor" instantiated altera_reset_controller "rst_controller"
Info: cpu: Starting RTL generation for module 'processor_nios_II_cpu'
Info: cpu:   Generation command is [exec C:/intelFPGA_lite/18.1/quartus/bin64//eperlcmd.exe -I C:/intelFPGA_lite/18.1/quartus/bin64//perl/lib -I C:/intelfpga_lite/18.1/quartus/sopc_builder/bin/europa -I C:/intelfpga_lite/18.1/quartus/sopc_builder/bin/perl_lib -I C:/intelfpga_lite/18.1/quartus/sopc_builder/bin -I C:/intelfpga_lite/18.1/quartus/../ip/altera/nios2_ip/altera_nios2_gen2/cpu_lib -I C:/intelfpga_lite/18.1/quartus/../ip/altera/nios2_ip/altera_nios2_gen2/nios_lib -I C:/intelfpga_lite/18.1/quartus/../ip/altera/nios2_ip/altera_nios2_gen2 -I C:/intelfpga_lite/18.1/quartus/../ip/altera/nios2_ip/altera_nios2_gen2 -- C:/intelfpga_lite/18.1/quartus/../ip/altera/nios2_ip/altera_nios2_gen2/generate_rtl.epl --name=processor_nios_II_cpu --dir=C:/Users/mathe/AppData/Local/Temp/alt7935_1783990877740610246.dir/0007_cpu_gen/ --quartus_bindir=C:/intelFPGA_lite/18.1/quartus/bin64/ --verilog --config=C:/Users/mathe/AppData/Local/Temp/alt7935_1783990877740610246.dir/0007_cpu_gen//processor_nios_II_cpu_processor_configuration.pl  --do_build_sim=0  ]
Info: cpu: # 2019.02.08 00:14:54 (*) Starting Nios II generation
Info: cpu: # 2019.02.08 00:14:54 (*)   Checking for plaintext license.
Info: cpu: # 2019.02.08 00:14:56 (*)   Couldn't query license setup in Quartus directory C:/intelFPGA_lite/18.1/quartus/bin64/
Info: cpu: # 2019.02.08 00:14:56 (*)   Defaulting to contents of LM_LICENSE_FILE environment variable
Info: cpu: # 2019.02.08 00:14:56 (*)   LM_LICENSE_FILE environment variable is empty
Info: cpu: # 2019.02.08 00:14:56 (*)   Plaintext license not found.
Info: cpu: # 2019.02.08 00:14:56 (*)   No license required to generate encrypted Nios II/e.
Info: cpu: # 2019.02.08 00:14:56 (*)   Elaborating CPU configuration settings
Info: cpu: # 2019.02.08 00:14:56 (*)   Creating all objects for CPU
Info: cpu: # 2019.02.08 00:14:59 (*)   Generating RTL from CPU objects
Info: cpu: # 2019.02.08 00:14:59 (*)   Creating plain-text RTL
Info: cpu: # 2019.02.08 00:15:00 (*) Done Nios II generation
Info: cpu: Done RTL generation for module 'processor_nios_II_cpu'
Info: cpu: "nios_II" instantiated altera_nios2_gen2_unit "cpu"
Info: nios_II_data_master_translator: "mm_interconnect_0" instantiated altera_merlin_master_translator "nios_II_data_master_translator"
Info: nios_II_debug_mem_slave_translator: "mm_interconnect_0" instantiated altera_merlin_slave_translator "nios_II_debug_mem_slave_translator"
Info: nios_II_data_master_agent: "mm_interconnect_0" instantiated altera_merlin_master_agent "nios_II_data_master_agent"
Info: nios_II_debug_mem_slave_agent: "mm_interconnect_0" instantiated altera_merlin_slave_agent "nios_II_debug_mem_slave_agent"
Info: nios_II_debug_mem_slave_agent_rsp_fifo: "mm_interconnect_0" instantiated altera_avalon_sc_fifo "nios_II_debug_mem_slave_agent_rsp_fifo"
Info: router: "mm_interconnect_0" instantiated altera_merlin_router "router"
Info: router_002: "mm_interconnect_0" instantiated altera_merlin_router "router_002"
Info: cmd_demux: "mm_interconnect_0" instantiated altera_merlin_demultiplexer "cmd_demux"
Info: cmd_mux: "mm_interconnect_0" instantiated altera_merlin_multiplexer "cmd_mux"
Info: rsp_mux: "mm_interconnect_0" instantiated altera_merlin_multiplexer "rsp_mux"
Info: Reusing file C:/Projects/SD/Problema_3/processor/synthesis/submodules/altera_merlin_arbitrator.sv
Info: avalon_st_adapter: "mm_interconnect_0" instantiated altera_avalon_st_adapter "avalon_st_adapter"
Info: error_adapter_0: "avalon_st_adapter" instantiated error_adapter "error_adapter_0"
Info: processor: Done "processor" with 20 modules, 34 files
Info: qsys-generate succeeded.
Info: Finished: Create HDL design files for synthesis
