Analysis & Synthesis report for Problem_1
Mon Feb 11 10:45:40 2019
Quartus Prime Version 18.1.0 Build 625 09/12/2018 SJ Lite Edition


---------------------
; Table of Contents ;
---------------------
  1. Legal Notice
  2. Analysis & Synthesis Summary
  3. Analysis & Synthesis Settings
  4. Parallel Compilation
  5. Analysis & Synthesis Messages
  6. Analysis & Synthesis Suppressed Messages



----------------
; Legal Notice ;
----------------
Copyright (C) 2018  Intel Corporation. All rights reserved.
Your use of Intel Corporation's design tools, logic functions 
and other software and tools, and its AMPP partner logic 
functions, and any output files from any of the foregoing 
(including device programming or simulation files), and any 
associated documentation or information are expressly subject 
to the terms and conditions of the Intel Program License 
Subscription Agreement, the Intel Quartus Prime License Agreement,
the Intel FPGA IP License Agreement, or other applicable license
agreement, including, without limitation, that your use is for
the sole purpose of programming logic devices manufactured by
Intel and sold by Intel or its authorized distributors.  Please
refer to the applicable agreement for further details.



+----------------------------------------------------------------------------------+
; Analysis & Synthesis Summary                                                     ;
+------------------------------------+---------------------------------------------+
; Analysis & Synthesis Status        ; Failed - Mon Feb 11 10:45:40 2019           ;
; Quartus Prime Version              ; 18.1.0 Build 625 09/12/2018 SJ Lite Edition ;
; Revision Name                      ; Problem_1                                   ;
; Top-level Entity Name              ; uart                                        ;
; Family                             ; Cyclone IV E                                ;
; Total logic elements               ; N/A until Partition Merge                   ;
;     Total combinational functions  ; N/A until Partition Merge                   ;
;     Dedicated logic registers      ; N/A until Partition Merge                   ;
; Total registers                    ; N/A until Partition Merge                   ;
; Total pins                         ; N/A until Partition Merge                   ;
; Total virtual pins                 ; N/A until Partition Merge                   ;
; Total memory bits                  ; N/A until Partition Merge                   ;
; Embedded Multiplier 9-bit elements ; N/A until Partition Merge                   ;
; Total PLLs                         ; N/A until Partition Merge                   ;
+------------------------------------+---------------------------------------------+


+------------------------------------------------------------------------------------------------------------+
; Analysis & Synthesis Settings                                                                              ;
+------------------------------------------------------------------+--------------------+--------------------+
; Option                                                           ; Setting            ; Default Value      ;
+------------------------------------------------------------------+--------------------+--------------------+
; Device                                                           ; EP4CE6E22C8        ;                    ;
; Top-level entity name                                            ; uart               ; Problem_1          ;
; Family name                                                      ; Cyclone IV E       ; Cyclone V          ;
; Use smart compilation                                            ; Off                ; Off                ;
; Enable parallel Assembler and Timing Analyzer during compilation ; On                 ; On                 ;
; Enable compact report table                                      ; Off                ; Off                ;
; Restructure Multiplexers                                         ; Auto               ; Auto               ;
; Create Debugging Nodes for IP Cores                              ; Off                ; Off                ;
; Preserve fewer node names                                        ; On                 ; On                 ;
; Intel FPGA IP Evaluation Mode                                    ; Enable             ; Enable             ;
; Verilog Version                                                  ; Verilog_2001       ; Verilog_2001       ;
; VHDL Version                                                     ; VHDL_1993          ; VHDL_1993          ;
; State Machine Processing                                         ; Auto               ; Auto               ;
; Safe State Machine                                               ; Off                ; Off                ;
; Extract Verilog State Machines                                   ; On                 ; On                 ;
; Extract VHDL State Machines                                      ; On                 ; On                 ;
; Ignore Verilog initial constructs                                ; Off                ; Off                ;
; Iteration limit for constant Verilog loops                       ; 5000               ; 5000               ;
; Iteration limit for non-constant Verilog loops                   ; 250                ; 250                ;
; Add Pass-Through Logic to Inferred RAMs                          ; On                 ; On                 ;
; Infer RAMs from Raw Logic                                        ; On                 ; On                 ;
; Parallel Synthesis                                               ; On                 ; On                 ;
; DSP Block Balancing                                              ; Auto               ; Auto               ;
; NOT Gate Push-Back                                               ; On                 ; On                 ;
; Power-Up Don't Care                                              ; On                 ; On                 ;
; Remove Redundant Logic Cells                                     ; Off                ; Off                ;
; Remove Duplicate Registers                                       ; On                 ; On                 ;
; Ignore CARRY Buffers                                             ; Off                ; Off                ;
; Ignore CASCADE Buffers                                           ; Off                ; Off                ;
; Ignore GLOBAL Buffers                                            ; Off                ; Off                ;
; Ignore ROW GLOBAL Buffers                                        ; Off                ; Off                ;
; Ignore LCELL Buffers                                             ; Off                ; Off                ;
; Ignore SOFT Buffers                                              ; On                 ; On                 ;
; Limit AHDL Integers to 32 Bits                                   ; Off                ; Off                ;
; Optimization Technique                                           ; Balanced           ; Balanced           ;
; Carry Chain Length                                               ; 70                 ; 70                 ;
; Auto Carry Chains                                                ; On                 ; On                 ;
; Auto Open-Drain Pins                                             ; On                 ; On                 ;
; Perform WYSIWYG Primitive Resynthesis                            ; Off                ; Off                ;
; Auto ROM Replacement                                             ; On                 ; On                 ;
; Auto RAM Replacement                                             ; On                 ; On                 ;
; Auto DSP Block Replacement                                       ; On                 ; On                 ;
; Auto Shift Register Replacement                                  ; Auto               ; Auto               ;
; Allow Shift Register Merging across Hierarchies                  ; Auto               ; Auto               ;
; Auto Clock Enable Replacement                                    ; On                 ; On                 ;
; Strict RAM Replacement                                           ; Off                ; Off                ;
; Allow Synchronous Control Signals                                ; On                 ; On                 ;
; Force Use of Synchronous Clear Signals                           ; Off                ; Off                ;
; Auto RAM Block Balancing                                         ; On                 ; On                 ;
; Auto RAM to Logic Cell Conversion                                ; Off                ; Off                ;
; Auto Resource Sharing                                            ; Off                ; Off                ;
; Allow Any RAM Size For Recognition                               ; Off                ; Off                ;
; Allow Any ROM Size For Recognition                               ; Off                ; Off                ;
; Allow Any Shift Register Size For Recognition                    ; Off                ; Off                ;
; Use LogicLock Constraints during Resource Balancing              ; On                 ; On                 ;
; Ignore translate_off and synthesis_off directives                ; Off                ; Off                ;
; Timing-Driven Synthesis                                          ; On                 ; On                 ;
; Report Parameter Settings                                        ; On                 ; On                 ;
; Report Source Assignments                                        ; On                 ; On                 ;
; Report Connectivity Checks                                       ; On                 ; On                 ;
; Ignore Maximum Fan-Out Assignments                               ; Off                ; Off                ;
; Synchronization Register Chain Length                            ; 2                  ; 2                  ;
; Power Optimization During Synthesis                              ; Normal compilation ; Normal compilation ;
; HDL message level                                                ; Level2             ; Level2             ;
; Suppress Register Optimization Related Messages                  ; Off                ; Off                ;
; Number of Removed Registers Reported in Synthesis Report         ; 5000               ; 5000               ;
; Number of Swept Nodes Reported in Synthesis Report               ; 5000               ; 5000               ;
; Number of Inverted Registers Reported in Synthesis Report        ; 100                ; 100                ;
; Clock MUX Protection                                             ; On                 ; On                 ;
; Auto Gated Clock Conversion                                      ; Off                ; Off                ;
; Block Design Naming                                              ; Auto               ; Auto               ;
; SDC constraint protection                                        ; Off                ; Off                ;
; Synthesis Effort                                                 ; Auto               ; Auto               ;
; Shift Register Replacement - Allow Asynchronous Clear Signal     ; On                 ; On                 ;
; Pre-Mapping Resynthesis Optimization                             ; Off                ; Off                ;
; Analysis & Synthesis Message Level                               ; Medium             ; Medium             ;
; Disable Register Merging Across Hierarchies                      ; Auto               ; Auto               ;
; Resource Aware Inference For Block RAM                           ; On                 ; On                 ;
+------------------------------------------------------------------+--------------------+--------------------+


+------------------------------------------+
; Parallel Compilation                     ;
+----------------------------+-------------+
; Processors                 ; Number      ;
+----------------------------+-------------+
; Number detected on machine ; 4           ;
; Maximum allowed            ; 2           ;
;                            ;             ;
; Average used               ; 1.00        ;
; Maximum used               ; 1           ;
;                            ;             ;
; Usage by Processor         ; % Time Used ;
;     Processor 1            ; 100.0%      ;
+----------------------------+-------------+


+-------------------------------+
; Analysis & Synthesis Messages ;
+-------------------------------+
Info: *******************************************************************
Info: Running Quartus Prime Analysis & Synthesis
    Info: Version 18.1.0 Build 625 09/12/2018 SJ Lite Edition
    Info: Processing started: Mon Feb 11 10:45:16 2019
Info: Command: quartus_map --read_settings_files=on --write_settings_files=off Problem_1 -c Problem_1
Warning (18236): Number of processors has not been specified which may cause overloading on shared machines.  Set the global assignment NUM_PARALLEL_PROCESSORS in your QSF to an appropriate value for best performance.
Info (20030): Parallel compilation is enabled and will use 2 of the 2 processors detected
Info (12021): Found 1 design units, including 1 entities, in source file uart-master/uart-master/uart.v
    Info (12023): Found entity 1: uart File: C:/Projects/SD/Problema_1/uart-master/uart-master/uart.v Line: 1
Info (12021): Found 1 design units, including 1 entities, in source file uart-master/uart-master/transmitter.v
    Info (12023): Found entity 1: transmitter File: C:/Projects/SD/Problema_1/uart-master/uart-master/transmitter.v Line: 1
Error (10228): Verilog HDL error at uart.v(1): module "uart" cannot be declared more than once File: C:/Projects/SD/Problema_1/uart.v Line: 1
Info (10499): HDL info at uart.v(1): see declaration for object "uart" File: C:/Projects/SD/Problema_1/uart-master/uart-master/uart.v Line: 1
Error (10112): Ignored design unit "uart_tx_test" at testbench.v(7) due to previous errors File: C:/Projects/SD/Problema_1/uart-master/uart-master/testbench.v Line: 7
Info (12021): Found 0 design units, including 0 entities, in source file uart-master/uart-master/testbench.v
Info (12021): Found 1 design units, including 1 entities, in source file uart-master/uart-master/receiver.v
    Info (12023): Found entity 1: receiver File: C:/Projects/SD/Problema_1/uart-master/uart-master/receiver.v Line: 1
Info (12021): Found 1 design units, including 1 entities, in source file uart-master/uart-master/baud_rate_gen.v
    Info (12023): Found entity 1: baud_rate_gen File: C:/Projects/SD/Problema_1/uart-master/uart-master/baud_rate_gen.v Line: 5
Info (12021): Found 1 design units, including 1 entities, in source file nios/synthesis/nios.v
    Info (12023): Found entity 1: nios File: C:/Projects/SD/Problema_1/nios/synthesis/nios.v Line: 6
Info (12021): Found 1 design units, including 1 entities, in source file nios/synthesis/submodules/altera_reset_controller.v
    Info (12023): Found entity 1: altera_reset_controller File: C:/Projects/SD/Problema_1/nios/synthesis/submodules/altera_reset_controller.v Line: 42
Info (12021): Found 1 design units, including 1 entities, in source file nios/synthesis/submodules/altera_reset_synchronizer.v
    Info (12023): Found entity 1: altera_reset_synchronizer File: C:/Projects/SD/Problema_1/nios/synthesis/submodules/altera_reset_synchronizer.v Line: 24
Info (12021): Found 1 design units, including 1 entities, in source file nios/synthesis/submodules/nios_irq_mapper.sv
    Info (12023): Found entity 1: nios_irq_mapper File: C:/Projects/SD/Problema_1/nios/synthesis/submodules/nios_irq_mapper.sv Line: 31
Info (12021): Found 1 design units, including 1 entities, in source file nios/synthesis/submodules/nios_mm_interconnect_0.v
    Info (12023): Found entity 1: nios_mm_interconnect_0 File: C:/Projects/SD/Problema_1/nios/synthesis/submodules/nios_mm_interconnect_0.v Line: 9
Info (12021): Found 1 design units, including 1 entities, in source file nios/synthesis/submodules/nios_mm_interconnect_0_avalon_st_adapter.v
    Info (12023): Found entity 1: nios_mm_interconnect_0_avalon_st_adapter File: C:/Projects/SD/Problema_1/nios/synthesis/submodules/nios_mm_interconnect_0_avalon_st_adapter.v Line: 9
Info (12021): Found 1 design units, including 1 entities, in source file nios/synthesis/submodules/nios_mm_interconnect_0_avalon_st_adapter_error_adapter_0.sv
    Info (12023): Found entity 1: nios_mm_interconnect_0_avalon_st_adapter_error_adapter_0 File: C:/Projects/SD/Problema_1/nios/synthesis/submodules/nios_mm_interconnect_0_avalon_st_adapter_error_adapter_0.sv Line: 66
Info (12021): Found 1 design units, including 1 entities, in source file nios/synthesis/submodules/nios_mm_interconnect_0_rsp_mux_001.sv
    Info (12023): Found entity 1: nios_mm_interconnect_0_rsp_mux_001 File: C:/Projects/SD/Problema_1/nios/synthesis/submodules/nios_mm_interconnect_0_rsp_mux_001.sv Line: 51
Info (12021): Found 2 design units, including 2 entities, in source file nios/synthesis/submodules/altera_merlin_arbitrator.sv
    Info (12023): Found entity 1: altera_merlin_arbitrator File: C:/Projects/SD/Problema_1/nios/synthesis/submodules/altera_merlin_arbitrator.sv Line: 103
    Info (12023): Found entity 2: altera_merlin_arb_adder File: C:/Projects/SD/Problema_1/nios/synthesis/submodules/altera_merlin_arbitrator.sv Line: 228
Info (12021): Found 1 design units, including 1 entities, in source file nios/synthesis/submodules/nios_mm_interconnect_0_rsp_mux.sv
    Info (12023): Found entity 1: nios_mm_interconnect_0_rsp_mux File: C:/Projects/SD/Problema_1/nios/synthesis/submodules/nios_mm_interconnect_0_rsp_mux.sv Line: 51
Info (12021): Found 1 design units, including 1 entities, in source file nios/synthesis/submodules/nios_mm_interconnect_0_rsp_demux_008.sv
    Info (12023): Found entity 1: nios_mm_interconnect_0_rsp_demux_008 File: C:/Projects/SD/Problema_1/nios/synthesis/submodules/nios_mm_interconnect_0_rsp_demux_008.sv Line: 43
Info (12021): Found 1 design units, including 1 entities, in source file nios/synthesis/submodules/nios_mm_interconnect_0_rsp_demux.sv
    Info (12023): Found entity 1: nios_mm_interconnect_0_rsp_demux File: C:/Projects/SD/Problema_1/nios/synthesis/submodules/nios_mm_interconnect_0_rsp_demux.sv Line: 43
Info (12021): Found 1 design units, including 1 entities, in source file nios/synthesis/submodules/nios_mm_interconnect_0_cmd_mux_008.sv
    Info (12023): Found entity 1: nios_mm_interconnect_0_cmd_mux_008 File: C:/Projects/SD/Problema_1/nios/synthesis/submodules/nios_mm_interconnect_0_cmd_mux_008.sv Line: 51
Info (12021): Found 1 design units, including 1 entities, in source file nios/synthesis/submodules/nios_mm_interconnect_0_cmd_mux.sv
    Info (12023): Found entity 1: nios_mm_interconnect_0_cmd_mux File: C:/Projects/SD/Problema_1/nios/synthesis/submodules/nios_mm_interconnect_0_cmd_mux.sv Line: 51
Info (12021): Found 1 design units, including 1 entities, in source file nios/synthesis/submodules/nios_mm_interconnect_0_cmd_demux_001.sv
    Info (12023): Found entity 1: nios_mm_interconnect_0_cmd_demux_001 File: C:/Projects/SD/Problema_1/nios/synthesis/submodules/nios_mm_interconnect_0_cmd_demux_001.sv Line: 43
Info (12021): Found 1 design units, including 1 entities, in source file nios/synthesis/submodules/nios_mm_interconnect_0_cmd_demux.sv
    Info (12023): Found entity 1: nios_mm_interconnect_0_cmd_demux File: C:/Projects/SD/Problema_1/nios/synthesis/submodules/nios_mm_interconnect_0_cmd_demux.sv Line: 43
Info (12021): Found 2 design units, including 2 entities, in source file nios/synthesis/submodules/nios_mm_interconnect_0_router_010.sv
    Info (12023): Found entity 1: nios_mm_interconnect_0_router_010_default_decode File: C:/Projects/SD/Problema_1/nios/synthesis/submodules/nios_mm_interconnect_0_router_010.sv Line: 45
    Info (12023): Found entity 2: nios_mm_interconnect_0_router_010 File: C:/Projects/SD/Problema_1/nios/synthesis/submodules/nios_mm_interconnect_0_router_010.sv Line: 84
Info (12021): Found 2 design units, including 2 entities, in source file nios/synthesis/submodules/nios_mm_interconnect_0_router_002.sv
    Info (12023): Found entity 1: nios_mm_interconnect_0_router_002_default_decode File: C:/Projects/SD/Problema_1/nios/synthesis/submodules/nios_mm_interconnect_0_router_002.sv Line: 45
    Info (12023): Found entity 2: nios_mm_interconnect_0_router_002 File: C:/Projects/SD/Problema_1/nios/synthesis/submodules/nios_mm_interconnect_0_router_002.sv Line: 84
Info (12021): Found 2 design units, including 2 entities, in source file nios/synthesis/submodules/nios_mm_interconnect_0_router_001.sv
    Info (12023): Found entity 1: nios_mm_interconnect_0_router_001_default_decode File: C:/Projects/SD/Problema_1/nios/synthesis/submodules/nios_mm_interconnect_0_router_001.sv Line: 45
    Info (12023): Found entity 2: nios_mm_interconnect_0_router_001 File: C:/Projects/SD/Problema_1/nios/synthesis/submodules/nios_mm_interconnect_0_router_001.sv Line: 84
Info (12021): Found 2 design units, including 2 entities, in source file nios/synthesis/submodules/nios_mm_interconnect_0_router.sv
    Info (12023): Found entity 1: nios_mm_interconnect_0_router_default_decode File: C:/Projects/SD/Problema_1/nios/synthesis/submodules/nios_mm_interconnect_0_router.sv Line: 45
    Info (12023): Found entity 2: nios_mm_interconnect_0_router File: C:/Projects/SD/Problema_1/nios/synthesis/submodules/nios_mm_interconnect_0_router.sv Line: 84
Info (12021): Found 1 design units, including 1 entities, in source file nios/synthesis/submodules/altera_avalon_sc_fifo.v
    Info (12023): Found entity 1: altera_avalon_sc_fifo File: C:/Projects/SD/Problema_1/nios/synthesis/submodules/altera_avalon_sc_fifo.v Line: 21
Info (12021): Found 1 design units, including 1 entities, in source file nios/synthesis/submodules/altera_merlin_slave_agent.sv
    Info (12023): Found entity 1: altera_merlin_slave_agent File: C:/Projects/SD/Problema_1/nios/synthesis/submodules/altera_merlin_slave_agent.sv Line: 34
Info (12021): Found 1 design units, including 1 entities, in source file nios/synthesis/submodules/altera_merlin_burst_uncompressor.sv
    Info (12023): Found entity 1: altera_merlin_burst_uncompressor File: C:/Projects/SD/Problema_1/nios/synthesis/submodules/altera_merlin_burst_uncompressor.sv Line: 40
Info (12021): Found 1 design units, including 1 entities, in source file nios/synthesis/submodules/altera_merlin_master_agent.sv
    Info (12023): Found entity 1: altera_merlin_master_agent File: C:/Projects/SD/Problema_1/nios/synthesis/submodules/altera_merlin_master_agent.sv Line: 28
Info (12021): Found 1 design units, including 1 entities, in source file nios/synthesis/submodules/altera_merlin_slave_translator.sv
    Info (12023): Found entity 1: altera_merlin_slave_translator File: C:/Projects/SD/Problema_1/nios/synthesis/submodules/altera_merlin_slave_translator.sv Line: 35
Info (12021): Found 1 design units, including 1 entities, in source file nios/synthesis/submodules/altera_merlin_master_translator.sv
    Info (12023): Found entity 1: altera_merlin_master_translator File: C:/Projects/SD/Problema_1/nios/synthesis/submodules/altera_merlin_master_translator.sv Line: 32
Info (12021): Found 1 design units, including 1 entities, in source file nios/synthesis/submodules/altera_customins_slave_translator.sv
    Info (12023): Found entity 1: altera_customins_slave_translator File: C:/Projects/SD/Problema_1/nios/synthesis/submodules/altera_customins_slave_translator.sv Line: 23
Info (12021): Found 1 design units, including 1 entities, in source file nios/synthesis/submodules/nios_nios2_custom_instruction_master_multi_xconnect.sv
    Info (12023): Found entity 1: nios_nios2_custom_instruction_master_multi_xconnect File: C:/Projects/SD/Problema_1/nios/synthesis/submodules/nios_nios2_custom_instruction_master_multi_xconnect.sv Line: 27
Info (12021): Found 1 design units, including 1 entities, in source file nios/synthesis/submodules/altera_customins_master_translator.v
    Info (12023): Found entity 1: altera_customins_master_translator File: C:/Projects/SD/Problema_1/nios/synthesis/submodules/altera_customins_master_translator.v Line: 23
Info (12021): Found 5 design units, including 5 entities, in source file nios/synthesis/submodules/nios_uart.v
    Info (12023): Found entity 1: nios_uart_tx File: C:/Projects/SD/Problema_1/nios/synthesis/submodules/nios_uart.v Line: 21
    Info (12023): Found entity 2: nios_uart_rx_stimulus_source File: C:/Projects/SD/Problema_1/nios/synthesis/submodules/nios_uart.v Line: 194
    Info (12023): Found entity 3: nios_uart_rx File: C:/Projects/SD/Problema_1/nios/synthesis/submodules/nios_uart.v Line: 288
    Info (12023): Found entity 4: nios_uart_regs File: C:/Projects/SD/Problema_1/nios/synthesis/submodules/nios_uart.v Line: 547
    Info (12023): Found entity 5: nios_uart File: C:/Projects/SD/Problema_1/nios/synthesis/submodules/nios_uart.v Line: 793
Info (12021): Found 1 design units, including 1 entities, in source file nios/synthesis/submodules/nios_nios2.v
    Info (12023): Found entity 1: nios_nios2 File: C:/Projects/SD/Problema_1/nios/synthesis/submodules/nios_nios2.v Line: 9
Info (12021): Found 21 design units, including 21 entities, in source file nios/synthesis/submodules/nios_nios2_cpu.v
    Info (12023): Found entity 1: nios_nios2_cpu_register_bank_a_module File: C:/Projects/SD/Problema_1/nios/synthesis/submodules/nios_nios2_cpu.v Line: 21
    Info (12023): Found entity 2: nios_nios2_cpu_register_bank_b_module File: C:/Projects/SD/Problema_1/nios/synthesis/submodules/nios_nios2_cpu.v Line: 87
    Info (12023): Found entity 3: nios_nios2_cpu_nios2_oci_debug File: C:/Projects/SD/Problema_1/nios/synthesis/submodules/nios_nios2_cpu.v Line: 153
    Info (12023): Found entity 4: nios_nios2_cpu_nios2_oci_break File: C:/Projects/SD/Problema_1/nios/synthesis/submodules/nios_nios2_cpu.v Line: 295
    Info (12023): Found entity 5: nios_nios2_cpu_nios2_oci_xbrk File: C:/Projects/SD/Problema_1/nios/synthesis/submodules/nios_nios2_cpu.v Line: 588
    Info (12023): Found entity 6: nios_nios2_cpu_nios2_oci_dbrk File: C:/Projects/SD/Problema_1/nios/synthesis/submodules/nios_nios2_cpu.v Line: 795
    Info (12023): Found entity 7: nios_nios2_cpu_nios2_oci_itrace File: C:/Projects/SD/Problema_1/nios/synthesis/submodules/nios_nios2_cpu.v Line: 982
    Info (12023): Found entity 8: nios_nios2_cpu_nios2_oci_td_mode File: C:/Projects/SD/Problema_1/nios/synthesis/submodules/nios_nios2_cpu.v Line: 1115
    Info (12023): Found entity 9: nios_nios2_cpu_nios2_oci_dtrace File: C:/Projects/SD/Problema_1/nios/synthesis/submodules/nios_nios2_cpu.v Line: 1183
    Info (12023): Found entity 10: nios_nios2_cpu_nios2_oci_compute_input_tm_cnt File: C:/Projects/SD/Problema_1/nios/synthesis/submodules/nios_nios2_cpu.v Line: 1265
    Info (12023): Found entity 11: nios_nios2_cpu_nios2_oci_fifo_wrptr_inc File: C:/Projects/SD/Problema_1/nios/synthesis/submodules/nios_nios2_cpu.v Line: 1337
    Info (12023): Found entity 12: nios_nios2_cpu_nios2_oci_fifo_cnt_inc File: C:/Projects/SD/Problema_1/nios/synthesis/submodules/nios_nios2_cpu.v Line: 1380
    Info (12023): Found entity 13: nios_nios2_cpu_nios2_oci_fifo File: C:/Projects/SD/Problema_1/nios/synthesis/submodules/nios_nios2_cpu.v Line: 1427
    Info (12023): Found entity 14: nios_nios2_cpu_nios2_oci_pib File: C:/Projects/SD/Problema_1/nios/synthesis/submodules/nios_nios2_cpu.v Line: 1913
    Info (12023): Found entity 15: nios_nios2_cpu_nios2_oci_im File: C:/Projects/SD/Problema_1/nios/synthesis/submodules/nios_nios2_cpu.v Line: 1936
    Info (12023): Found entity 16: nios_nios2_cpu_nios2_performance_monitors File: C:/Projects/SD/Problema_1/nios/synthesis/submodules/nios_nios2_cpu.v Line: 2006
    Info (12023): Found entity 17: nios_nios2_cpu_nios2_avalon_reg File: C:/Projects/SD/Problema_1/nios/synthesis/submodules/nios_nios2_cpu.v Line: 2023
    Info (12023): Found entity 18: nios_nios2_cpu_ociram_sp_ram_module File: C:/Projects/SD/Problema_1/nios/synthesis/submodules/nios_nios2_cpu.v Line: 2116
    Info (12023): Found entity 19: nios_nios2_cpu_nios2_ocimem File: C:/Projects/SD/Problema_1/nios/synthesis/submodules/nios_nios2_cpu.v Line: 2181
    Info (12023): Found entity 20: nios_nios2_cpu_nios2_oci File: C:/Projects/SD/Problema_1/nios/synthesis/submodules/nios_nios2_cpu.v Line: 2362
    Info (12023): Found entity 21: nios_nios2_cpu File: C:/Projects/SD/Problema_1/nios/synthesis/submodules/nios_nios2_cpu.v Line: 2834
Info (12021): Found 1 design units, including 1 entities, in source file nios/synthesis/submodules/nios_nios2_cpu_debug_slave_sysclk.v
    Info (12023): Found entity 1: nios_nios2_cpu_debug_slave_sysclk File: C:/Projects/SD/Problema_1/nios/synthesis/submodules/nios_nios2_cpu_debug_slave_sysclk.v Line: 21
Info (12021): Found 1 design units, including 1 entities, in source file nios/synthesis/submodules/nios_nios2_cpu_debug_slave_tck.v
    Info (12023): Found entity 1: nios_nios2_cpu_debug_slave_tck File: C:/Projects/SD/Problema_1/nios/synthesis/submodules/nios_nios2_cpu_debug_slave_tck.v Line: 21
Info (12021): Found 1 design units, including 1 entities, in source file nios/synthesis/submodules/nios_nios2_cpu_debug_slave_wrapper.v
    Info (12023): Found entity 1: nios_nios2_cpu_debug_slave_wrapper File: C:/Projects/SD/Problema_1/nios/synthesis/submodules/nios_nios2_cpu_debug_slave_wrapper.v Line: 21
Info (12021): Found 1 design units, including 1 entities, in source file nios/synthesis/submodules/nios_nios2_cpu_test_bench.v
    Info (12023): Found entity 1: nios_nios2_cpu_test_bench File: C:/Projects/SD/Problema_1/nios/synthesis/submodules/nios_nios2_cpu_test_bench.v Line: 21
Info (12021): Found 1 design units, including 1 entities, in source file nios/synthesis/submodules/nios_memory.v
    Info (12023): Found entity 1: nios_memory File: C:/Projects/SD/Problema_1/nios/synthesis/submodules/nios_memory.v Line: 21
Info (12021): Found 1 design units, including 1 entities, in source file nios/synthesis/submodules/nios_leds.v
    Info (12023): Found entity 1: nios_leds File: C:/Projects/SD/Problema_1/nios/synthesis/submodules/nios_leds.v Line: 21
Info (12021): Found 1 design units, including 1 entities, in source file nios/synthesis/submodules/nios_buttons.v
    Info (12023): Found entity 1: nios_buttons File: C:/Projects/SD/Problema_1/nios/synthesis/submodules/nios_buttons.v Line: 21
Info (12021): Found 1 design units, including 1 entities, in source file nios/synthesis/submodules/nios_lcd_en.v
    Info (12023): Found entity 1: nios_LCD_EN File: C:/Projects/SD/Problema_1/nios/synthesis/submodules/nios_LCD_EN.v Line: 21
Info (12021): Found 1 design units, including 1 entities, in source file nios/synthesis/submodules/nios_lcd_data.v
    Info (12023): Found entity 1: nios_LCD_DATA File: C:/Projects/SD/Problema_1/nios/synthesis/submodules/nios_LCD_DATA.v Line: 21
Info (12021): Found 1 design units, including 1 entities, in source file nios/synthesis/submodules/custom.v
    Info (12023): Found entity 1: Custom File: C:/Projects/SD/Problema_1/nios/synthesis/submodules/Custom.v Line: 1
Info (12021): Found 1 design units, including 1 entities, in source file lcd.v
    Info (12023): Found entity 1: LCD File: C:/Projects/SD/Problema_1/LCD.v Line: 1
Info (12021): Found 1 design units, including 1 entities, in source file my_pll.v
    Info (12023): Found entity 1: my_pll File: C:/Projects/SD/Problema_1/my_pll.v Line: 39
Info (12021): Found 1 design units, including 1 entities, in source file my_ddio_out.v
    Info (12023): Found entity 1: my_ddio_out File: C:/Projects/SD/Problema_1/my_ddio_out.v Line: 39
Info (12021): Found 1 design units, including 1 entities, in source file top.v
    Info (12023): Found entity 1: TOP File: C:/Projects/SD/Problema_1/TOP.v Line: 1
Info (12021): Found 1 design units, including 1 entities, in source file custom.v
    Info (12023): Found entity 1: Custom File: C:/Projects/SD/Problema_1/Custom.v Line: 1
Error (10279): Verilog HDL Port Declaration error at arbiter.v(2): input port(s) cannot be declared with type "reg" File: C:/Projects/SD/Problema_1/arbiter.v Line: 2
Error (10170): Verilog HDL syntax error at arbiter.v(40) near text: ")"; mismatched closing parenthesis . Check for and fix any syntax errors that appear immediately before or at the specified keyword. The Intel FPGA Knowledge Database contains many articles with specific details on how to resolve this error. Visit the Knowledge Database at https://www.altera.com/support/support-resources/knowledge-base/search.html and search for this specific error message number. File: C:/Projects/SD/Problema_1/arbiter.v Line: 40
Error (10170): Verilog HDL syntax error at arbiter.v(40) near text: ")";  expecting ";". Check for and fix any syntax errors that appear immediately before or at the specified keyword. The Intel FPGA Knowledge Database contains many articles with specific details on how to resolve this error. Visit the Knowledge Database at https://www.altera.com/support/support-resources/knowledge-base/search.html and search for this specific error message number. File: C:/Projects/SD/Problema_1/arbiter.v Line: 40
Error (10170): Verilog HDL syntax error at arbiter.v(73) near text: "'1";  expecting ";". Check for and fix any syntax errors that appear immediately before or at the specified keyword. The Intel FPGA Knowledge Database contains many articles with specific details on how to resolve this error. Visit the Knowledge Database at https://www.altera.com/support/support-resources/knowledge-base/search.html and search for this specific error message number. File: C:/Projects/SD/Problema_1/arbiter.v Line: 73
Error (10170): Verilog HDL syntax error at arbiter.v(77) near text: "end"; "end" without "begin" . Check for and fix any syntax errors that appear immediately before or at the specified keyword. The Intel FPGA Knowledge Database contains many articles with specific details on how to resolve this error. Visit the Knowledge Database at https://www.altera.com/support/support-resources/knowledge-base/search.html and search for this specific error message number. File: C:/Projects/SD/Problema_1/arbiter.v Line: 77
Info (12021): Found 0 design units, including 0 entities, in source file arbiter.v
Info (144001): Generated suppressed messages file C:/Projects/SD/Problema_1/output_files/Problem_1.map.smsg
Error: Quartus Prime Analysis & Synthesis was unsuccessful. 7 errors, 1 warning
    Error: Peak virtual memory: 4741 megabytes
    Error: Processing ended: Mon Feb 11 10:45:43 2019
    Error: Elapsed time: 00:00:27
    Error: Total CPU time (on all processors): 00:00:54


+------------------------------------------+
; Analysis & Synthesis Suppressed Messages ;
+------------------------------------------+
The suppressed messages can be found in C:/Projects/SD/Problema_1/output_files/Problem_1.map.smsg.


